<?xml version="1.0" encoding="UTF-8"?>
<testsuite name="serie2.ex1.CounterModuloTest" tests="5000" skipped="0" failures="0" errors="0" timestamp="2022-05-14T13:30:52" hostname="LAPTOP-8IJG8NP1" time="26.786">
  <properties/>
  <testcase name="multi threaded increment counter[Modulo: 1]" classname="serie2.ex1.CounterModuloTest" time="0.106"/>
  <testcase name="single threaded increment and decrement counter[Modulo: 1]" classname="serie2.ex1.CounterModuloTest" time="0.005"/>
  <testcase name="single threaded decrement at 0 gives module - 1[Modulo: 1]" classname="serie2.ex1.CounterModuloTest" time="0.0"/>
  <testcase name="single threaded increment at module - 1 gives 0[Modulo: 1]" classname="serie2.ex1.CounterModuloTest" time="0.0"/>
  <testcase name="multi threaded decrement counter[Modulo: 1]" classname="serie2.ex1.CounterModuloTest" time="0.018"/>
  <testcase name="multi threaded increment counter[Modulo: 2]" classname="serie2.ex1.CounterModuloTest" time="0.018"/>
  <testcase name="single threaded increment and decrement counter[Modulo: 2]" classname="serie2.ex1.CounterModuloTest" time="0.002"/>
  <testcase name="single threaded decrement at 0 gives module - 1[Modulo: 2]" classname="serie2.ex1.CounterModuloTest" time="0.0"/>
  <testcase name="single threaded increment at module - 1 gives 0[Modulo: 2]" classname="serie2.ex1.CounterModuloTest" time="0.0"/>
  <testcase name="multi threaded decrement counter[Modulo: 2]" classname="serie2.ex1.CounterModuloTest" time="0.018"/>
  <testcase name="multi threaded increment counter[Modulo: 3]" classname="serie2.ex1.CounterModuloTest" time="0.021"/>
  <testcase name="single threaded increment and decrement counter[Modulo: 3]" classname="serie2.ex1.CounterModuloTest" time="0.002"/>
  <testcase name="single threaded decrement at 0 gives module - 1[Modulo: 3]" classname="serie2.ex1.CounterModuloTest" time="0.001"/>
  <testcase name="single threaded increment at module - 1 gives 0[Modulo: 3]" classname="serie2.ex1.CounterModuloTest" time="0.0"/>
  <testcase name="multi threaded decrement counter[Modulo: 3]" classname="serie2.ex1.CounterModuloTest" time="0.025"/>
  <testcase name="multi threaded increment counter[Modulo: 4]" classname="serie2.ex1.CounterModuloTest" time="0.023"/>
  <testcase name="single threaded increment and decrement counter[Modulo: 4]" classname="serie2.ex1.CounterModuloTest" time="0.002"/>
  <testcase name="single threaded decrement at 0 gives module - 1[Modulo: 4]" classname="serie2.ex1.CounterModuloTest" time="0.0"/>
  <testcase name="single threaded increment at module - 1 gives 0[Modulo: 4]" classname="serie2.ex1.CounterModuloTest" time="0.0"/>
  <testcase name="multi threaded decrement counter[Modulo: 4]" classname="serie2.ex1.CounterModuloTest" time="0.018"/>
  <testcase name="multi threaded increment counter[Modulo: 5]" classname="serie2.ex1.CounterModuloTest" time="0.02"/>
  <testcase name="single threaded increment and decrement counter[Modulo: 5]" classname="serie2.ex1.CounterModuloTest" time="0.001"/>
  <testcase name="single threaded decrement at 0 gives module - 1[Modulo: 5]" classname="serie2.ex1.CounterModuloTest" time="0.0"/>
  <testcase name="single threaded increment at module - 1 gives 0[Modulo: 5]" classname="serie2.ex1.CounterModuloTest" time="0.0"/>
  <testcase name="multi threaded decrement counter[Modulo: 5]" classname="serie2.ex1.CounterModuloTest" time="0.02"/>
  <testcase name="multi threaded increment counter[Modulo: 6]" classname="serie2.ex1.CounterModuloTest" time="0.019"/>
  <testcase name="single threaded increment and decrement counter[Modulo: 6]" classname="serie2.ex1.CounterModuloTest" time="0.001"/>
  <testcase name="single threaded decrement at 0 gives module - 1[Modulo: 6]" classname="serie2.ex1.CounterModuloTest" time="0.0"/>
  <testcase name="single threaded increment at module - 1 gives 0[Modulo: 6]" classname="serie2.ex1.CounterModuloTest" time="0.0"/>
  <testcase name="multi threaded decrement counter[Modulo: 6]" classname="serie2.ex1.CounterModuloTest" time="0.02"/>
  <testcase name="multi threaded increment counter[Modulo: 7]" classname="serie2.ex1.CounterModuloTest" time="0.021"/>
  <testcase name="single threaded increment and decrement counter[Modulo: 7]" classname="serie2.ex1.CounterModuloTest" time="0.002"/>
  <testcase name="single threaded decrement at 0 gives module - 1[Modulo: 7]" classname="serie2.ex1.CounterModuloTest" time="0.0"/>
  <testcase name="single threaded increment at module - 1 gives 0[Modulo: 7]" classname="serie2.ex1.CounterModuloTest" time="0.0"/>
  <testcase name="multi threaded decrement counter[Modulo: 7]" classname="serie2.ex1.CounterModuloTest" time="0.022"/>
  <testcase name="multi threaded increment counter[Modulo: 8]" classname="serie2.ex1.CounterModuloTest" time="0.02"/>
  <testcase name="single threaded increment and decrement counter[Modulo: 8]" classname="serie2.ex1.CounterModuloTest" time="0.001"/>
  <testcase name="single threaded decrement at 0 gives module - 1[Modulo: 8]" classname="serie2.ex1.CounterModuloTest" time="0.0"/>
  <testcase name="single threaded increment at module - 1 gives 0[Modulo: 8]" classname="serie2.ex1.CounterModuloTest" time="0.0"/>
  <testcase name="multi threaded decrement counter[Modulo: 8]" classname="serie2.ex1.CounterModuloTest" time="0.022"/>
  <testcase name="multi threaded increment counter[Modulo: 9]" classname="serie2.ex1.CounterModuloTest" time="0.021"/>
  <testcase name="single threaded increment and decrement counter[Modulo: 9]" classname="serie2.ex1.CounterModuloTest" time="0.002"/>
  <testcase name="single threaded decrement at 0 gives module - 1[Modulo: 9]" classname="serie2.ex1.CounterModuloTest" time="0.0"/>
  <testcase name="single threaded increment at module - 1 gives 0[Modulo: 9]" classname="serie2.ex1.CounterModuloTest" time="0.0"/>
  <testcase name="multi threaded decrement counter[Modulo: 9]" classname="serie2.ex1.CounterModuloTest" time="0.02"/>
  <testcase name="multi threaded increment counter[Modulo: 10]" classname="serie2.ex1.CounterModuloTest" time="0.019"/>
  <testcase name="single threaded increment and decrement counter[Modulo: 10]" classname="serie2.ex1.CounterModuloTest" time="0.001"/>
  <testcase name="single threaded decrement at 0 gives module - 1[Modulo: 10]" classname="serie2.ex1.CounterModuloTest" time="0.0"/>
  <testcase name="single threaded increment at module - 1 gives 0[Modulo: 10]" classname="serie2.ex1.CounterModuloTest" time="0.0"/>
  <testcase name="multi threaded decrement counter[Modulo: 10]" classname="serie2.ex1.CounterModuloTest" time="0.018"/>
  <testcase name="multi threaded increment counter[Modulo: 11]" classname="serie2.ex1.CounterModuloTest" time="0.021"/>
  <testcase name="single threaded increment and decrement counter[Modulo: 11]" classname="serie2.ex1.CounterModuloTest" time="0.001"/>
  <testcase name="single threaded decrement at 0 gives module - 1[Modulo: 11]" classname="serie2.ex1.CounterModuloTest" time="0.0"/>
  <testcase name="single threaded increment at module - 1 gives 0[Modulo: 11]" classname="serie2.ex1.CounterModuloTest" time="0.0"/>
  <testcase name="multi threaded decrement counter[Modulo: 11]" classname="serie2.ex1.CounterModuloTest" time="0.021"/>
  <testcase name="multi threaded increment counter[Modulo: 12]" classname="serie2.ex1.CounterModuloTest" time="0.021"/>
  <testcase name="single threaded increment and decrement counter[Modulo: 12]" classname="serie2.ex1.CounterModuloTest" time="0.001"/>
  <testcase name="single threaded decrement at 0 gives module - 1[Modulo: 12]" classname="serie2.ex1.CounterModuloTest" time="0.0"/>
  <testcase name="single threaded increment at module - 1 gives 0[Modulo: 12]" classname="serie2.ex1.CounterModuloTest" time="0.0"/>
  <testcase name="multi threaded decrement counter[Modulo: 12]" classname="serie2.ex1.CounterModuloTest" time="0.02"/>
  <testcase name="multi threaded increment counter[Modulo: 13]" classname="serie2.ex1.CounterModuloTest" time="0.015"/>
  <testcase name="single threaded increment and decrement counter[Modulo: 13]" classname="serie2.ex1.CounterModuloTest" time="0.001"/>
  <testcase name="single threaded decrement at 0 gives module - 1[Modulo: 13]" classname="serie2.ex1.CounterModuloTest" time="0.0"/>
  <testcase name="single threaded increment at module - 1 gives 0[Modulo: 13]" classname="serie2.ex1.CounterModuloTest" time="0.0"/>
  <testcase name="multi threaded decrement counter[Modulo: 13]" classname="serie2.ex1.CounterModuloTest" time="0.015"/>
  <testcase name="multi threaded increment counter[Modulo: 14]" classname="serie2.ex1.CounterModuloTest" time="0.014"/>
  <testcase name="single threaded increment and decrement counter[Modulo: 14]" classname="serie2.ex1.CounterModuloTest" time="0.002"/>
  <testcase name="single threaded decrement at 0 gives module - 1[Modulo: 14]" classname="serie2.ex1.CounterModuloTest" time="0.001"/>
  <testcase name="single threaded increment at module - 1 gives 0[Modulo: 14]" classname="serie2.ex1.CounterModuloTest" time="0.0"/>
  <testcase name="multi threaded decrement counter[Modulo: 14]" classname="serie2.ex1.CounterModuloTest" time="0.013"/>
  <testcase name="multi threaded increment counter[Modulo: 15]" classname="serie2.ex1.CounterModuloTest" time="0.014"/>
  <testcase name="single threaded increment and decrement counter[Modulo: 15]" classname="serie2.ex1.CounterModuloTest" time="0.003"/>
  <testcase name="single threaded decrement at 0 gives module - 1[Modulo: 15]" classname="serie2.ex1.CounterModuloTest" time="0.0"/>
  <testcase name="single threaded increment at module - 1 gives 0[Modulo: 15]" classname="serie2.ex1.CounterModuloTest" time="0.0"/>
  <testcase name="multi threaded decrement counter[Modulo: 15]" classname="serie2.ex1.CounterModuloTest" time="0.012"/>
  <testcase name="multi threaded increment counter[Modulo: 16]" classname="serie2.ex1.CounterModuloTest" time="0.016"/>
  <testcase name="single threaded increment and decrement counter[Modulo: 16]" classname="serie2.ex1.CounterModuloTest" time="0.002"/>
  <testcase name="single threaded decrement at 0 gives module - 1[Modulo: 16]" classname="serie2.ex1.CounterModuloTest" time="0.0"/>
  <testcase name="single threaded increment at module - 1 gives 0[Modulo: 16]" classname="serie2.ex1.CounterModuloTest" time="0.0"/>
  <testcase name="multi threaded decrement counter[Modulo: 16]" classname="serie2.ex1.CounterModuloTest" time="0.015"/>
  <testcase name="multi threaded increment counter[Modulo: 17]" classname="serie2.ex1.CounterModuloTest" time="0.013"/>
  <testcase name="single threaded increment and decrement counter[Modulo: 17]" classname="serie2.ex1.CounterModuloTest" time="0.001"/>
  <testcase name="single threaded decrement at 0 gives module - 1[Modulo: 17]" classname="serie2.ex1.CounterModuloTest" time="0.0"/>
  <testcase name="single threaded increment at module - 1 gives 0[Modulo: 17]" classname="serie2.ex1.CounterModuloTest" time="0.0"/>
  <testcase name="multi threaded decrement counter[Modulo: 17]" classname="serie2.ex1.CounterModuloTest" time="0.014"/>
  <testcase name="multi threaded increment counter[Modulo: 18]" classname="serie2.ex1.CounterModuloTest" time="0.015"/>
  <testcase name="single threaded increment and decrement counter[Modulo: 18]" classname="serie2.ex1.CounterModuloTest" time="0.001"/>
  <testcase name="single threaded decrement at 0 gives module - 1[Modulo: 18]" classname="serie2.ex1.CounterModuloTest" time="0.0"/>
  <testcase name="single threaded increment at module - 1 gives 0[Modulo: 18]" classname="serie2.ex1.CounterModuloTest" time="0.0"/>
  <testcase name="multi threaded decrement counter[Modulo: 18]" classname="serie2.ex1.CounterModuloTest" time="0.013"/>
  <testcase name="multi threaded increment counter[Modulo: 19]" classname="serie2.ex1.CounterModuloTest" time="0.012"/>
  <testcase name="single threaded increment and decrement counter[Modulo: 19]" classname="serie2.ex1.CounterModuloTest" time="0.001"/>
  <testcase name="single threaded decrement at 0 gives module - 1[Modulo: 19]" classname="serie2.ex1.CounterModuloTest" time="0.0"/>
  <testcase name="single threaded increment at module - 1 gives 0[Modulo: 19]" classname="serie2.ex1.CounterModuloTest" time="0.0"/>
  <testcase name="multi threaded decrement counter[Modulo: 19]" classname="serie2.ex1.CounterModuloTest" time="0.013"/>
  <testcase name="multi threaded increment counter[Modulo: 20]" classname="serie2.ex1.CounterModuloTest" time="0.014"/>
  <testcase name="single threaded increment and decrement counter[Modulo: 20]" classname="serie2.ex1.CounterModuloTest" time="0.001"/>
  <testcase name="single threaded decrement at 0 gives module - 1[Modulo: 20]" classname="serie2.ex1.CounterModuloTest" time="0.0"/>
  <testcase name="single threaded increment at module - 1 gives 0[Modulo: 20]" classname="serie2.ex1.CounterModuloTest" time="0.0"/>
  <testcase name="multi threaded decrement counter[Modulo: 20]" classname="serie2.ex1.CounterModuloTest" time="0.014"/>
  <testcase name="multi threaded increment counter[Modulo: 21]" classname="serie2.ex1.CounterModuloTest" time="0.014"/>
  <testcase name="single threaded increment and decrement counter[Modulo: 21]" classname="serie2.ex1.CounterModuloTest" time="0.001"/>
  <testcase name="single threaded decrement at 0 gives module - 1[Modulo: 21]" classname="serie2.ex1.CounterModuloTest" time="0.0"/>
  <testcase name="single threaded increment at module - 1 gives 0[Modulo: 21]" classname="serie2.ex1.CounterModuloTest" time="0.0"/>
  <testcase name="multi threaded decrement counter[Modulo: 21]" classname="serie2.ex1.CounterModuloTest" time="0.014"/>
  <testcase name="multi threaded increment counter[Modulo: 22]" classname="serie2.ex1.CounterModuloTest" time="0.014"/>
  <testcase name="single threaded increment and decrement counter[Modulo: 22]" classname="serie2.ex1.CounterModuloTest" time="0.002"/>
  <testcase name="single threaded decrement at 0 gives module - 1[Modulo: 22]" classname="serie2.ex1.CounterModuloTest" time="0.0"/>
  <testcase name="single threaded increment at module - 1 gives 0[Modulo: 22]" classname="serie2.ex1.CounterModuloTest" time="0.0"/>
  <testcase name="multi threaded decrement counter[Modulo: 22]" classname="serie2.ex1.CounterModuloTest" time="0.014"/>
  <testcase name="multi threaded increment counter[Modulo: 23]" classname="serie2.ex1.CounterModuloTest" time="0.014"/>
  <testcase name="single threaded increment and decrement counter[Modulo: 23]" classname="serie2.ex1.CounterModuloTest" time="0.001"/>
  <testcase name="single threaded decrement at 0 gives module - 1[Modulo: 23]" classname="serie2.ex1.CounterModuloTest" time="0.0"/>
  <testcase name="single threaded increment at module - 1 gives 0[Modulo: 23]" classname="serie2.ex1.CounterModuloTest" time="0.0"/>
  <testcase name="multi threaded decrement counter[Modulo: 23]" classname="serie2.ex1.CounterModuloTest" time="0.014"/>
  <testcase name="multi threaded increment counter[Modulo: 24]" classname="serie2.ex1.CounterModuloTest" time="0.013"/>
  <testcase name="single threaded increment and decrement counter[Modulo: 24]" classname="serie2.ex1.CounterModuloTest" time="0.001"/>
  <testcase name="single threaded decrement at 0 gives module - 1[Modulo: 24]" classname="serie2.ex1.CounterModuloTest" time="0.0"/>
  <testcase name="single threaded increment at module - 1 gives 0[Modulo: 24]" classname="serie2.ex1.CounterModuloTest" time="0.0"/>
  <testcase name="multi threaded decrement counter[Modulo: 24]" classname="serie2.ex1.CounterModuloTest" time="0.013"/>
  <testcase name="multi threaded increment counter[Modulo: 25]" classname="serie2.ex1.CounterModuloTest" time="0.012"/>
  <testcase name="single threaded increment and decrement counter[Modulo: 25]" classname="serie2.ex1.CounterModuloTest" time="0.001"/>
  <testcase name="single threaded decrement at 0 gives module - 1[Modulo: 25]" classname="serie2.ex1.CounterModuloTest" time="0.0"/>
  <testcase name="single threaded increment at module - 1 gives 0[Modulo: 25]" classname="serie2.ex1.CounterModuloTest" time="0.0"/>
  <testcase name="multi threaded decrement counter[Modulo: 25]" classname="serie2.ex1.CounterModuloTest" time="0.011"/>
  <testcase name="multi threaded increment counter[Modulo: 26]" classname="serie2.ex1.CounterModuloTest" time="0.011"/>
  <testcase name="single threaded increment and decrement counter[Modulo: 26]" classname="serie2.ex1.CounterModuloTest" time="0.0"/>
  <testcase name="single threaded decrement at 0 gives module - 1[Modulo: 26]" classname="serie2.ex1.CounterModuloTest" time="0.0"/>
  <testcase name="single threaded increment at module - 1 gives 0[Modulo: 26]" classname="serie2.ex1.CounterModuloTest" time="0.0"/>
  <testcase name="multi threaded decrement counter[Modulo: 26]" classname="serie2.ex1.CounterModuloTest" time="0.011"/>
  <testcase name="multi threaded increment counter[Modulo: 27]" classname="serie2.ex1.CounterModuloTest" time="0.012"/>
  <testcase name="single threaded increment and decrement counter[Modulo: 27]" classname="serie2.ex1.CounterModuloTest" time="0.001"/>
  <testcase name="single threaded decrement at 0 gives module - 1[Modulo: 27]" classname="serie2.ex1.CounterModuloTest" time="0.0"/>
  <testcase name="single threaded increment at module - 1 gives 0[Modulo: 27]" classname="serie2.ex1.CounterModuloTest" time="0.0"/>
  <testcase name="multi threaded decrement counter[Modulo: 27]" classname="serie2.ex1.CounterModuloTest" time="0.01"/>
  <testcase name="multi threaded increment counter[Modulo: 28]" classname="serie2.ex1.CounterModuloTest" time="0.01"/>
  <testcase name="single threaded increment and decrement counter[Modulo: 28]" classname="serie2.ex1.CounterModuloTest" time="0.0"/>
  <testcase name="single threaded decrement at 0 gives module - 1[Modulo: 28]" classname="serie2.ex1.CounterModuloTest" time="0.0"/>
  <testcase name="single threaded increment at module - 1 gives 0[Modulo: 28]" classname="serie2.ex1.CounterModuloTest" time="0.0"/>
  <testcase name="multi threaded decrement counter[Modulo: 28]" classname="serie2.ex1.CounterModuloTest" time="0.009"/>
  <testcase name="multi threaded increment counter[Modulo: 29]" classname="serie2.ex1.CounterModuloTest" time="0.01"/>
  <testcase name="single threaded increment and decrement counter[Modulo: 29]" classname="serie2.ex1.CounterModuloTest" time="0.0"/>
  <testcase name="single threaded decrement at 0 gives module - 1[Modulo: 29]" classname="serie2.ex1.CounterModuloTest" time="0.0"/>
  <testcase name="single threaded increment at module - 1 gives 0[Modulo: 29]" classname="serie2.ex1.CounterModuloTest" time="0.0"/>
  <testcase name="multi threaded decrement counter[Modulo: 29]" classname="serie2.ex1.CounterModuloTest" time="0.01"/>
  <testcase name="multi threaded increment counter[Modulo: 30]" classname="serie2.ex1.CounterModuloTest" time="0.011"/>
  <testcase name="single threaded increment and decrement counter[Modulo: 30]" classname="serie2.ex1.CounterModuloTest" time="0.0"/>
  <testcase name="single threaded decrement at 0 gives module - 1[Modulo: 30]" classname="serie2.ex1.CounterModuloTest" time="0.0"/>
  <testcase name="single threaded increment at module - 1 gives 0[Modulo: 30]" classname="serie2.ex1.CounterModuloTest" time="0.0"/>
  <testcase name="multi threaded decrement counter[Modulo: 30]" classname="serie2.ex1.CounterModuloTest" time="0.01"/>
  <testcase name="multi threaded increment counter[Modulo: 31]" classname="serie2.ex1.CounterModuloTest" time="0.01"/>
  <testcase name="single threaded increment and decrement counter[Modulo: 31]" classname="serie2.ex1.CounterModuloTest" time="0.0"/>
  <testcase name="single threaded decrement at 0 gives module - 1[Modulo: 31]" classname="serie2.ex1.CounterModuloTest" time="0.0"/>
  <testcase name="single threaded increment at module - 1 gives 0[Modulo: 31]" classname="serie2.ex1.CounterModuloTest" time="0.0"/>
  <testcase name="multi threaded decrement counter[Modulo: 31]" classname="serie2.ex1.CounterModuloTest" time="0.011"/>
  <testcase name="multi threaded increment counter[Modulo: 32]" classname="serie2.ex1.CounterModuloTest" time="0.01"/>
  <testcase name="single threaded increment and decrement counter[Modulo: 32]" classname="serie2.ex1.CounterModuloTest" time="0.0"/>
  <testcase name="single threaded decrement at 0 gives module - 1[Modulo: 32]" classname="serie2.ex1.CounterModuloTest" time="0.0"/>
  <testcase name="single threaded increment at module - 1 gives 0[Modulo: 32]" classname="serie2.ex1.CounterModuloTest" time="0.0"/>
  <testcase name="multi threaded decrement counter[Modulo: 32]" classname="serie2.ex1.CounterModuloTest" time="0.011"/>
  <testcase name="multi threaded increment counter[Modulo: 33]" classname="serie2.ex1.CounterModuloTest" time="0.011"/>
  <testcase name="single threaded increment and decrement counter[Modulo: 33]" classname="serie2.ex1.CounterModuloTest" time="0.0"/>
  <testcase name="single threaded decrement at 0 gives module - 1[Modulo: 33]" classname="serie2.ex1.CounterModuloTest" time="0.0"/>
  <testcase name="single threaded increment at module - 1 gives 0[Modulo: 33]" classname="serie2.ex1.CounterModuloTest" time="0.0"/>
  <testcase name="multi threaded decrement counter[Modulo: 33]" classname="serie2.ex1.CounterModuloTest" time="0.012"/>
  <testcase name="multi threaded increment counter[Modulo: 34]" classname="serie2.ex1.CounterModuloTest" time="0.011"/>
  <testcase name="single threaded increment and decrement counter[Modulo: 34]" classname="serie2.ex1.CounterModuloTest" time="0.001"/>
  <testcase name="single threaded decrement at 0 gives module - 1[Modulo: 34]" classname="serie2.ex1.CounterModuloTest" time="0.0"/>
  <testcase name="single threaded increment at module - 1 gives 0[Modulo: 34]" classname="serie2.ex1.CounterModuloTest" time="0.0"/>
  <testcase name="multi threaded decrement counter[Modulo: 34]" classname="serie2.ex1.CounterModuloTest" time="0.028"/>
  <testcase name="multi threaded increment counter[Modulo: 35]" classname="serie2.ex1.CounterModuloTest" time="0.012"/>
  <testcase name="single threaded increment and decrement counter[Modulo: 35]" classname="serie2.ex1.CounterModuloTest" time="0.0"/>
  <testcase name="single threaded decrement at 0 gives module - 1[Modulo: 35]" classname="serie2.ex1.CounterModuloTest" time="0.0"/>
  <testcase name="single threaded increment at module - 1 gives 0[Modulo: 35]" classname="serie2.ex1.CounterModuloTest" time="0.0"/>
  <testcase name="multi threaded decrement counter[Modulo: 35]" classname="serie2.ex1.CounterModuloTest" time="0.012"/>
  <testcase name="multi threaded increment counter[Modulo: 36]" classname="serie2.ex1.CounterModuloTest" time="0.011"/>
  <testcase name="single threaded increment and decrement counter[Modulo: 36]" classname="serie2.ex1.CounterModuloTest" time="0.001"/>
  <testcase name="single threaded decrement at 0 gives module - 1[Modulo: 36]" classname="serie2.ex1.CounterModuloTest" time="0.0"/>
  <testcase name="single threaded increment at module - 1 gives 0[Modulo: 36]" classname="serie2.ex1.CounterModuloTest" time="0.0"/>
  <testcase name="multi threaded decrement counter[Modulo: 36]" classname="serie2.ex1.CounterModuloTest" time="0.012"/>
  <testcase name="multi threaded increment counter[Modulo: 37]" classname="serie2.ex1.CounterModuloTest" time="0.012"/>
  <testcase name="single threaded increment and decrement counter[Modulo: 37]" classname="serie2.ex1.CounterModuloTest" time="0.0"/>
  <testcase name="single threaded decrement at 0 gives module - 1[Modulo: 37]" classname="serie2.ex1.CounterModuloTest" time="0.0"/>
  <testcase name="single threaded increment at module - 1 gives 0[Modulo: 37]" classname="serie2.ex1.CounterModuloTest" time="0.0"/>
  <testcase name="multi threaded decrement counter[Modulo: 37]" classname="serie2.ex1.CounterModuloTest" time="0.012"/>
  <testcase name="multi threaded increment counter[Modulo: 38]" classname="serie2.ex1.CounterModuloTest" time="0.011"/>
  <testcase name="single threaded increment and decrement counter[Modulo: 38]" classname="serie2.ex1.CounterModuloTest" time="0.001"/>
  <testcase name="single threaded decrement at 0 gives module - 1[Modulo: 38]" classname="serie2.ex1.CounterModuloTest" time="0.0"/>
  <testcase name="single threaded increment at module - 1 gives 0[Modulo: 38]" classname="serie2.ex1.CounterModuloTest" time="0.0"/>
  <testcase name="multi threaded decrement counter[Modulo: 38]" classname="serie2.ex1.CounterModuloTest" time="0.011"/>
  <testcase name="multi threaded increment counter[Modulo: 39]" classname="serie2.ex1.CounterModuloTest" time="0.012"/>
  <testcase name="single threaded increment and decrement counter[Modulo: 39]" classname="serie2.ex1.CounterModuloTest" time="0.001"/>
  <testcase name="single threaded decrement at 0 gives module - 1[Modulo: 39]" classname="serie2.ex1.CounterModuloTest" time="0.0"/>
  <testcase name="single threaded increment at module - 1 gives 0[Modulo: 39]" classname="serie2.ex1.CounterModuloTest" time="0.0"/>
  <testcase name="multi threaded decrement counter[Modulo: 39]" classname="serie2.ex1.CounterModuloTest" time="0.011"/>
  <testcase name="multi threaded increment counter[Modulo: 40]" classname="serie2.ex1.CounterModuloTest" time="0.011"/>
  <testcase name="single threaded increment and decrement counter[Modulo: 40]" classname="serie2.ex1.CounterModuloTest" time="0.0"/>
  <testcase name="single threaded decrement at 0 gives module - 1[Modulo: 40]" classname="serie2.ex1.CounterModuloTest" time="0.0"/>
  <testcase name="single threaded increment at module - 1 gives 0[Modulo: 40]" classname="serie2.ex1.CounterModuloTest" time="0.0"/>
  <testcase name="multi threaded decrement counter[Modulo: 40]" classname="serie2.ex1.CounterModuloTest" time="0.012"/>
  <testcase name="multi threaded increment counter[Modulo: 41]" classname="serie2.ex1.CounterModuloTest" time="0.011"/>
  <testcase name="single threaded increment and decrement counter[Modulo: 41]" classname="serie2.ex1.CounterModuloTest" time="0.0"/>
  <testcase name="single threaded decrement at 0 gives module - 1[Modulo: 41]" classname="serie2.ex1.CounterModuloTest" time="0.0"/>
  <testcase name="single threaded increment at module - 1 gives 0[Modulo: 41]" classname="serie2.ex1.CounterModuloTest" time="0.0"/>
  <testcase name="multi threaded decrement counter[Modulo: 41]" classname="serie2.ex1.CounterModuloTest" time="0.009"/>
  <testcase name="multi threaded increment counter[Modulo: 42]" classname="serie2.ex1.CounterModuloTest" time="0.012"/>
  <testcase name="single threaded increment and decrement counter[Modulo: 42]" classname="serie2.ex1.CounterModuloTest" time="0.0"/>
  <testcase name="single threaded decrement at 0 gives module - 1[Modulo: 42]" classname="serie2.ex1.CounterModuloTest" time="0.0"/>
  <testcase name="single threaded increment at module - 1 gives 0[Modulo: 42]" classname="serie2.ex1.CounterModuloTest" time="0.0"/>
  <testcase name="multi threaded decrement counter[Modulo: 42]" classname="serie2.ex1.CounterModuloTest" time="0.011"/>
  <testcase name="multi threaded increment counter[Modulo: 43]" classname="serie2.ex1.CounterModuloTest" time="0.01"/>
  <testcase name="single threaded increment and decrement counter[Modulo: 43]" classname="serie2.ex1.CounterModuloTest" time="0.0"/>
  <testcase name="single threaded decrement at 0 gives module - 1[Modulo: 43]" classname="serie2.ex1.CounterModuloTest" time="0.0"/>
  <testcase name="single threaded increment at module - 1 gives 0[Modulo: 43]" classname="serie2.ex1.CounterModuloTest" time="0.0"/>
  <testcase name="multi threaded decrement counter[Modulo: 43]" classname="serie2.ex1.CounterModuloTest" time="0.01"/>
  <testcase name="multi threaded increment counter[Modulo: 44]" classname="serie2.ex1.CounterModuloTest" time="0.01"/>
  <testcase name="single threaded increment and decrement counter[Modulo: 44]" classname="serie2.ex1.CounterModuloTest" time="0.0"/>
  <testcase name="single threaded decrement at 0 gives module - 1[Modulo: 44]" classname="serie2.ex1.CounterModuloTest" time="0.0"/>
  <testcase name="single threaded increment at module - 1 gives 0[Modulo: 44]" classname="serie2.ex1.CounterModuloTest" time="0.0"/>
  <testcase name="multi threaded decrement counter[Modulo: 44]" classname="serie2.ex1.CounterModuloTest" time="0.01"/>
  <testcase name="multi threaded increment counter[Modulo: 45]" classname="serie2.ex1.CounterModuloTest" time="0.011"/>
  <testcase name="single threaded increment and decrement counter[Modulo: 45]" classname="serie2.ex1.CounterModuloTest" time="0.0"/>
  <testcase name="single threaded decrement at 0 gives module - 1[Modulo: 45]" classname="serie2.ex1.CounterModuloTest" time="0.0"/>
  <testcase name="single threaded increment at module - 1 gives 0[Modulo: 45]" classname="serie2.ex1.CounterModuloTest" time="0.0"/>
  <testcase name="multi threaded decrement counter[Modulo: 45]" classname="serie2.ex1.CounterModuloTest" time="0.012"/>
  <testcase name="multi threaded increment counter[Modulo: 46]" classname="serie2.ex1.CounterModuloTest" time="0.011"/>
  <testcase name="single threaded increment and decrement counter[Modulo: 46]" classname="serie2.ex1.CounterModuloTest" time="0.001"/>
  <testcase name="single threaded decrement at 0 gives module - 1[Modulo: 46]" classname="serie2.ex1.CounterModuloTest" time="0.0"/>
  <testcase name="single threaded increment at module - 1 gives 0[Modulo: 46]" classname="serie2.ex1.CounterModuloTest" time="0.0"/>
  <testcase name="multi threaded decrement counter[Modulo: 46]" classname="serie2.ex1.CounterModuloTest" time="0.01"/>
  <testcase name="multi threaded increment counter[Modulo: 47]" classname="serie2.ex1.CounterModuloTest" time="0.01"/>
  <testcase name="single threaded increment and decrement counter[Modulo: 47]" classname="serie2.ex1.CounterModuloTest" time="0.0"/>
  <testcase name="single threaded decrement at 0 gives module - 1[Modulo: 47]" classname="serie2.ex1.CounterModuloTest" time="0.0"/>
  <testcase name="single threaded increment at module - 1 gives 0[Modulo: 47]" classname="serie2.ex1.CounterModuloTest" time="0.0"/>
  <testcase name="multi threaded decrement counter[Modulo: 47]" classname="serie2.ex1.CounterModuloTest" time="0.012"/>
  <testcase name="multi threaded increment counter[Modulo: 48]" classname="serie2.ex1.CounterModuloTest" time="0.011"/>
  <testcase name="single threaded increment and decrement counter[Modulo: 48]" classname="serie2.ex1.CounterModuloTest" time="0.0"/>
  <testcase name="single threaded decrement at 0 gives module - 1[Modulo: 48]" classname="serie2.ex1.CounterModuloTest" time="0.001"/>
  <testcase name="single threaded increment at module - 1 gives 0[Modulo: 48]" classname="serie2.ex1.CounterModuloTest" time="0.0"/>
  <testcase name="multi threaded decrement counter[Modulo: 48]" classname="serie2.ex1.CounterModuloTest" time="0.009"/>
  <testcase name="multi threaded increment counter[Modulo: 49]" classname="serie2.ex1.CounterModuloTest" time="0.012"/>
  <testcase name="single threaded increment and decrement counter[Modulo: 49]" classname="serie2.ex1.CounterModuloTest" time="0.0"/>
  <testcase name="single threaded decrement at 0 gives module - 1[Modulo: 49]" classname="serie2.ex1.CounterModuloTest" time="0.0"/>
  <testcase name="single threaded increment at module - 1 gives 0[Modulo: 49]" classname="serie2.ex1.CounterModuloTest" time="0.0"/>
  <testcase name="multi threaded decrement counter[Modulo: 49]" classname="serie2.ex1.CounterModuloTest" time="0.012"/>
  <testcase name="multi threaded increment counter[Modulo: 50]" classname="serie2.ex1.CounterModuloTest" time="0.012"/>
  <testcase name="single threaded increment and decrement counter[Modulo: 50]" classname="serie2.ex1.CounterModuloTest" time="0.0"/>
  <testcase name="single threaded decrement at 0 gives module - 1[Modulo: 50]" classname="serie2.ex1.CounterModuloTest" time="0.0"/>
  <testcase name="single threaded increment at module - 1 gives 0[Modulo: 50]" classname="serie2.ex1.CounterModuloTest" time="0.0"/>
  <testcase name="multi threaded decrement counter[Modulo: 50]" classname="serie2.ex1.CounterModuloTest" time="0.012"/>
  <testcase name="multi threaded increment counter[Modulo: 51]" classname="serie2.ex1.CounterModuloTest" time="0.012"/>
  <testcase name="single threaded increment and decrement counter[Modulo: 51]" classname="serie2.ex1.CounterModuloTest" time="0.001"/>
  <testcase name="single threaded decrement at 0 gives module - 1[Modulo: 51]" classname="serie2.ex1.CounterModuloTest" time="0.0"/>
  <testcase name="single threaded increment at module - 1 gives 0[Modulo: 51]" classname="serie2.ex1.CounterModuloTest" time="0.0"/>
  <testcase name="multi threaded decrement counter[Modulo: 51]" classname="serie2.ex1.CounterModuloTest" time="0.011"/>
  <testcase name="multi threaded increment counter[Modulo: 52]" classname="serie2.ex1.CounterModuloTest" time="0.009"/>
  <testcase name="single threaded increment and decrement counter[Modulo: 52]" classname="serie2.ex1.CounterModuloTest" time="0.001"/>
  <testcase name="single threaded decrement at 0 gives module - 1[Modulo: 52]" classname="serie2.ex1.CounterModuloTest" time="0.0"/>
  <testcase name="single threaded increment at module - 1 gives 0[Modulo: 52]" classname="serie2.ex1.CounterModuloTest" time="0.0"/>
  <testcase name="multi threaded decrement counter[Modulo: 52]" classname="serie2.ex1.CounterModuloTest" time="0.011"/>
  <testcase name="multi threaded increment counter[Modulo: 53]" classname="serie2.ex1.CounterModuloTest" time="0.012"/>
  <testcase name="single threaded increment and decrement counter[Modulo: 53]" classname="serie2.ex1.CounterModuloTest" time="0.0"/>
  <testcase name="single threaded decrement at 0 gives module - 1[Modulo: 53]" classname="serie2.ex1.CounterModuloTest" time="0.0"/>
  <testcase name="single threaded increment at module - 1 gives 0[Modulo: 53]" classname="serie2.ex1.CounterModuloTest" time="0.0"/>
  <testcase name="multi threaded decrement counter[Modulo: 53]" classname="serie2.ex1.CounterModuloTest" time="0.012"/>
  <testcase name="multi threaded increment counter[Modulo: 54]" classname="serie2.ex1.CounterModuloTest" time="0.011"/>
  <testcase name="single threaded increment and decrement counter[Modulo: 54]" classname="serie2.ex1.CounterModuloTest" time="0.0"/>
  <testcase name="single threaded decrement at 0 gives module - 1[Modulo: 54]" classname="serie2.ex1.CounterModuloTest" time="0.0"/>
  <testcase name="single threaded increment at module - 1 gives 0[Modulo: 54]" classname="serie2.ex1.CounterModuloTest" time="0.0"/>
  <testcase name="multi threaded decrement counter[Modulo: 54]" classname="serie2.ex1.CounterModuloTest" time="0.01"/>
  <testcase name="multi threaded increment counter[Modulo: 55]" classname="serie2.ex1.CounterModuloTest" time="0.01"/>
  <testcase name="single threaded increment and decrement counter[Modulo: 55]" classname="serie2.ex1.CounterModuloTest" time="0.0"/>
  <testcase name="single threaded decrement at 0 gives module - 1[Modulo: 55]" classname="serie2.ex1.CounterModuloTest" time="0.001"/>
  <testcase name="single threaded increment at module - 1 gives 0[Modulo: 55]" classname="serie2.ex1.CounterModuloTest" time="0.0"/>
  <testcase name="multi threaded decrement counter[Modulo: 55]" classname="serie2.ex1.CounterModuloTest" time="0.009"/>
  <testcase name="multi threaded increment counter[Modulo: 56]" classname="serie2.ex1.CounterModuloTest" time="0.01"/>
  <testcase name="single threaded increment and decrement counter[Modulo: 56]" classname="serie2.ex1.CounterModuloTest" time="0.0"/>
  <testcase name="single threaded decrement at 0 gives module - 1[Modulo: 56]" classname="serie2.ex1.CounterModuloTest" time="0.0"/>
  <testcase name="single threaded increment at module - 1 gives 0[Modulo: 56]" classname="serie2.ex1.CounterModuloTest" time="0.0"/>
  <testcase name="multi threaded decrement counter[Modulo: 56]" classname="serie2.ex1.CounterModuloTest" time="0.012"/>
  <testcase name="multi threaded increment counter[Modulo: 57]" classname="serie2.ex1.CounterModuloTest" time="0.01"/>
  <testcase name="single threaded increment and decrement counter[Modulo: 57]" classname="serie2.ex1.CounterModuloTest" time="0.001"/>
  <testcase name="single threaded decrement at 0 gives module - 1[Modulo: 57]" classname="serie2.ex1.CounterModuloTest" time="0.0"/>
  <testcase name="single threaded increment at module - 1 gives 0[Modulo: 57]" classname="serie2.ex1.CounterModuloTest" time="0.0"/>
  <testcase name="multi threaded decrement counter[Modulo: 57]" classname="serie2.ex1.CounterModuloTest" time="0.009"/>
  <testcase name="multi threaded increment counter[Modulo: 58]" classname="serie2.ex1.CounterModuloTest" time="0.012"/>
  <testcase name="single threaded increment and decrement counter[Modulo: 58]" classname="serie2.ex1.CounterModuloTest" time="0.001"/>
  <testcase name="single threaded decrement at 0 gives module - 1[Modulo: 58]" classname="serie2.ex1.CounterModuloTest" time="0.0"/>
  <testcase name="single threaded increment at module - 1 gives 0[Modulo: 58]" classname="serie2.ex1.CounterModuloTest" time="0.0"/>
  <testcase name="multi threaded decrement counter[Modulo: 58]" classname="serie2.ex1.CounterModuloTest" time="0.012"/>
  <testcase name="multi threaded increment counter[Modulo: 59]" classname="serie2.ex1.CounterModuloTest" time="0.014"/>
  <testcase name="single threaded increment and decrement counter[Modulo: 59]" classname="serie2.ex1.CounterModuloTest" time="0.0"/>
  <testcase name="single threaded decrement at 0 gives module - 1[Modulo: 59]" classname="serie2.ex1.CounterModuloTest" time="0.0"/>
  <testcase name="single threaded increment at module - 1 gives 0[Modulo: 59]" classname="serie2.ex1.CounterModuloTest" time="0.0"/>
  <testcase name="multi threaded decrement counter[Modulo: 59]" classname="serie2.ex1.CounterModuloTest" time="0.012"/>
  <testcase name="multi threaded increment counter[Modulo: 60]" classname="serie2.ex1.CounterModuloTest" time="0.011"/>
  <testcase name="single threaded increment and decrement counter[Modulo: 60]" classname="serie2.ex1.CounterModuloTest" time="0.001"/>
  <testcase name="single threaded decrement at 0 gives module - 1[Modulo: 60]" classname="serie2.ex1.CounterModuloTest" time="0.0"/>
  <testcase name="single threaded increment at module - 1 gives 0[Modulo: 60]" classname="serie2.ex1.CounterModuloTest" time="0.0"/>
  <testcase name="multi threaded decrement counter[Modulo: 60]" classname="serie2.ex1.CounterModuloTest" time="0.009"/>
  <testcase name="multi threaded increment counter[Modulo: 61]" classname="serie2.ex1.CounterModuloTest" time="0.01"/>
  <testcase name="single threaded increment and decrement counter[Modulo: 61]" classname="serie2.ex1.CounterModuloTest" time="0.001"/>
  <testcase name="single threaded decrement at 0 gives module - 1[Modulo: 61]" classname="serie2.ex1.CounterModuloTest" time="0.0"/>
  <testcase name="single threaded increment at module - 1 gives 0[Modulo: 61]" classname="serie2.ex1.CounterModuloTest" time="0.0"/>
  <testcase name="multi threaded decrement counter[Modulo: 61]" classname="serie2.ex1.CounterModuloTest" time="0.009"/>
  <testcase name="multi threaded increment counter[Modulo: 62]" classname="serie2.ex1.CounterModuloTest" time="0.01"/>
  <testcase name="single threaded increment and decrement counter[Modulo: 62]" classname="serie2.ex1.CounterModuloTest" time="0.001"/>
  <testcase name="single threaded decrement at 0 gives module - 1[Modulo: 62]" classname="serie2.ex1.CounterModuloTest" time="0.0"/>
  <testcase name="single threaded increment at module - 1 gives 0[Modulo: 62]" classname="serie2.ex1.CounterModuloTest" time="0.0"/>
  <testcase name="multi threaded decrement counter[Modulo: 62]" classname="serie2.ex1.CounterModuloTest" time="0.012"/>
  <testcase name="multi threaded increment counter[Modulo: 63]" classname="serie2.ex1.CounterModuloTest" time="0.011"/>
  <testcase name="single threaded increment and decrement counter[Modulo: 63]" classname="serie2.ex1.CounterModuloTest" time="0.0"/>
  <testcase name="single threaded decrement at 0 gives module - 1[Modulo: 63]" classname="serie2.ex1.CounterModuloTest" time="0.0"/>
  <testcase name="single threaded increment at module - 1 gives 0[Modulo: 63]" classname="serie2.ex1.CounterModuloTest" time="0.001"/>
  <testcase name="multi threaded decrement counter[Modulo: 63]" classname="serie2.ex1.CounterModuloTest" time="0.012"/>
  <testcase name="multi threaded increment counter[Modulo: 64]" classname="serie2.ex1.CounterModuloTest" time="0.012"/>
  <testcase name="single threaded increment and decrement counter[Modulo: 64]" classname="serie2.ex1.CounterModuloTest" time="0.0"/>
  <testcase name="single threaded decrement at 0 gives module - 1[Modulo: 64]" classname="serie2.ex1.CounterModuloTest" time="0.0"/>
  <testcase name="single threaded increment at module - 1 gives 0[Modulo: 64]" classname="serie2.ex1.CounterModuloTest" time="0.0"/>
  <testcase name="multi threaded decrement counter[Modulo: 64]" classname="serie2.ex1.CounterModuloTest" time="0.012"/>
  <testcase name="multi threaded increment counter[Modulo: 65]" classname="serie2.ex1.CounterModuloTest" time="0.011"/>
  <testcase name="single threaded increment and decrement counter[Modulo: 65]" classname="serie2.ex1.CounterModuloTest" time="0.0"/>
  <testcase name="single threaded decrement at 0 gives module - 1[Modulo: 65]" classname="serie2.ex1.CounterModuloTest" time="0.0"/>
  <testcase name="single threaded increment at module - 1 gives 0[Modulo: 65]" classname="serie2.ex1.CounterModuloTest" time="0.0"/>
  <testcase name="multi threaded decrement counter[Modulo: 65]" classname="serie2.ex1.CounterModuloTest" time="0.01"/>
  <testcase name="multi threaded increment counter[Modulo: 66]" classname="serie2.ex1.CounterModuloTest" time="0.011"/>
  <testcase name="single threaded increment and decrement counter[Modulo: 66]" classname="serie2.ex1.CounterModuloTest" time="0.0"/>
  <testcase name="single threaded decrement at 0 gives module - 1[Modulo: 66]" classname="serie2.ex1.CounterModuloTest" time="0.0"/>
  <testcase name="single threaded increment at module - 1 gives 0[Modulo: 66]" classname="serie2.ex1.CounterModuloTest" time="0.0"/>
  <testcase name="multi threaded decrement counter[Modulo: 66]" classname="serie2.ex1.CounterModuloTest" time="0.012"/>
  <testcase name="multi threaded increment counter[Modulo: 67]" classname="serie2.ex1.CounterModuloTest" time="0.013"/>
  <testcase name="single threaded increment and decrement counter[Modulo: 67]" classname="serie2.ex1.CounterModuloTest" time="0.001"/>
  <testcase name="single threaded decrement at 0 gives module - 1[Modulo: 67]" classname="serie2.ex1.CounterModuloTest" time="0.0"/>
  <testcase name="single threaded increment at module - 1 gives 0[Modulo: 67]" classname="serie2.ex1.CounterModuloTest" time="0.0"/>
  <testcase name="multi threaded decrement counter[Modulo: 67]" classname="serie2.ex1.CounterModuloTest" time="0.013"/>
  <testcase name="multi threaded increment counter[Modulo: 68]" classname="serie2.ex1.CounterModuloTest" time="0.012"/>
  <testcase name="single threaded increment and decrement counter[Modulo: 68]" classname="serie2.ex1.CounterModuloTest" time="0.0"/>
  <testcase name="single threaded decrement at 0 gives module - 1[Modulo: 68]" classname="serie2.ex1.CounterModuloTest" time="0.0"/>
  <testcase name="single threaded increment at module - 1 gives 0[Modulo: 68]" classname="serie2.ex1.CounterModuloTest" time="0.0"/>
  <testcase name="multi threaded decrement counter[Modulo: 68]" classname="serie2.ex1.CounterModuloTest" time="0.011"/>
  <testcase name="multi threaded increment counter[Modulo: 69]" classname="serie2.ex1.CounterModuloTest" time="0.011"/>
  <testcase name="single threaded increment and decrement counter[Modulo: 69]" classname="serie2.ex1.CounterModuloTest" time="0.0"/>
  <testcase name="single threaded decrement at 0 gives module - 1[Modulo: 69]" classname="serie2.ex1.CounterModuloTest" time="0.0"/>
  <testcase name="single threaded increment at module - 1 gives 0[Modulo: 69]" classname="serie2.ex1.CounterModuloTest" time="0.0"/>
  <testcase name="multi threaded decrement counter[Modulo: 69]" classname="serie2.ex1.CounterModuloTest" time="0.009"/>
  <testcase name="multi threaded increment counter[Modulo: 70]" classname="serie2.ex1.CounterModuloTest" time="0.01"/>
  <testcase name="single threaded increment and decrement counter[Modulo: 70]" classname="serie2.ex1.CounterModuloTest" time="0.0"/>
  <testcase name="single threaded decrement at 0 gives module - 1[Modulo: 70]" classname="serie2.ex1.CounterModuloTest" time="0.0"/>
  <testcase name="single threaded increment at module - 1 gives 0[Modulo: 70]" classname="serie2.ex1.CounterModuloTest" time="0.0"/>
  <testcase name="multi threaded decrement counter[Modulo: 70]" classname="serie2.ex1.CounterModuloTest" time="0.01"/>
  <testcase name="multi threaded increment counter[Modulo: 71]" classname="serie2.ex1.CounterModuloTest" time="0.013"/>
  <testcase name="single threaded increment and decrement counter[Modulo: 71]" classname="serie2.ex1.CounterModuloTest" time="0.0"/>
  <testcase name="single threaded decrement at 0 gives module - 1[Modulo: 71]" classname="serie2.ex1.CounterModuloTest" time="0.0"/>
  <testcase name="single threaded increment at module - 1 gives 0[Modulo: 71]" classname="serie2.ex1.CounterModuloTest" time="0.0"/>
  <testcase name="multi threaded decrement counter[Modulo: 71]" classname="serie2.ex1.CounterModuloTest" time="0.011"/>
  <testcase name="multi threaded increment counter[Modulo: 72]" classname="serie2.ex1.CounterModuloTest" time="0.013"/>
  <testcase name="single threaded increment and decrement counter[Modulo: 72]" classname="serie2.ex1.CounterModuloTest" time="0.001"/>
  <testcase name="single threaded decrement at 0 gives module - 1[Modulo: 72]" classname="serie2.ex1.CounterModuloTest" time="0.0"/>
  <testcase name="single threaded increment at module - 1 gives 0[Modulo: 72]" classname="serie2.ex1.CounterModuloTest" time="0.0"/>
  <testcase name="multi threaded decrement counter[Modulo: 72]" classname="serie2.ex1.CounterModuloTest" time="0.012"/>
  <testcase name="multi threaded increment counter[Modulo: 73]" classname="serie2.ex1.CounterModuloTest" time="0.012"/>
  <testcase name="single threaded increment and decrement counter[Modulo: 73]" classname="serie2.ex1.CounterModuloTest" time="0.0"/>
  <testcase name="single threaded decrement at 0 gives module - 1[Modulo: 73]" classname="serie2.ex1.CounterModuloTest" time="0.0"/>
  <testcase name="single threaded increment at module - 1 gives 0[Modulo: 73]" classname="serie2.ex1.CounterModuloTest" time="0.0"/>
  <testcase name="multi threaded decrement counter[Modulo: 73]" classname="serie2.ex1.CounterModuloTest" time="0.01"/>
  <testcase name="multi threaded increment counter[Modulo: 74]" classname="serie2.ex1.CounterModuloTest" time="0.011"/>
  <testcase name="single threaded increment and decrement counter[Modulo: 74]" classname="serie2.ex1.CounterModuloTest" time="0.0"/>
  <testcase name="single threaded decrement at 0 gives module - 1[Modulo: 74]" classname="serie2.ex1.CounterModuloTest" time="0.0"/>
  <testcase name="single threaded increment at module - 1 gives 0[Modulo: 74]" classname="serie2.ex1.CounterModuloTest" time="0.0"/>
  <testcase name="multi threaded decrement counter[Modulo: 74]" classname="serie2.ex1.CounterModuloTest" time="0.012"/>
  <testcase name="multi threaded increment counter[Modulo: 75]" classname="serie2.ex1.CounterModuloTest" time="0.012"/>
  <testcase name="single threaded increment and decrement counter[Modulo: 75]" classname="serie2.ex1.CounterModuloTest" time="0.0"/>
  <testcase name="single threaded decrement at 0 gives module - 1[Modulo: 75]" classname="serie2.ex1.CounterModuloTest" time="0.0"/>
  <testcase name="single threaded increment at module - 1 gives 0[Modulo: 75]" classname="serie2.ex1.CounterModuloTest" time="0.0"/>
  <testcase name="multi threaded decrement counter[Modulo: 75]" classname="serie2.ex1.CounterModuloTest" time="0.011"/>
  <testcase name="multi threaded increment counter[Modulo: 76]" classname="serie2.ex1.CounterModuloTest" time="0.012"/>
  <testcase name="single threaded increment and decrement counter[Modulo: 76]" classname="serie2.ex1.CounterModuloTest" time="0.0"/>
  <testcase name="single threaded decrement at 0 gives module - 1[Modulo: 76]" classname="serie2.ex1.CounterModuloTest" time="0.0"/>
  <testcase name="single threaded increment at module - 1 gives 0[Modulo: 76]" classname="serie2.ex1.CounterModuloTest" time="0.0"/>
  <testcase name="multi threaded decrement counter[Modulo: 76]" classname="serie2.ex1.CounterModuloTest" time="0.012"/>
  <testcase name="multi threaded increment counter[Modulo: 77]" classname="serie2.ex1.CounterModuloTest" time="0.012"/>
  <testcase name="single threaded increment and decrement counter[Modulo: 77]" classname="serie2.ex1.CounterModuloTest" time="0.001"/>
  <testcase name="single threaded decrement at 0 gives module - 1[Modulo: 77]" classname="serie2.ex1.CounterModuloTest" time="0.0"/>
  <testcase name="single threaded increment at module - 1 gives 0[Modulo: 77]" classname="serie2.ex1.CounterModuloTest" time="0.0"/>
  <testcase name="multi threaded decrement counter[Modulo: 77]" classname="serie2.ex1.CounterModuloTest" time="0.011"/>
  <testcase name="multi threaded increment counter[Modulo: 78]" classname="serie2.ex1.CounterModuloTest" time="0.01"/>
  <testcase name="single threaded increment and decrement counter[Modulo: 78]" classname="serie2.ex1.CounterModuloTest" time="0.0"/>
  <testcase name="single threaded decrement at 0 gives module - 1[Modulo: 78]" classname="serie2.ex1.CounterModuloTest" time="0.0"/>
  <testcase name="single threaded increment at module - 1 gives 0[Modulo: 78]" classname="serie2.ex1.CounterModuloTest" time="0.0"/>
  <testcase name="multi threaded decrement counter[Modulo: 78]" classname="serie2.ex1.CounterModuloTest" time="0.011"/>
  <testcase name="multi threaded increment counter[Modulo: 79]" classname="serie2.ex1.CounterModuloTest" time="0.013"/>
  <testcase name="single threaded increment and decrement counter[Modulo: 79]" classname="serie2.ex1.CounterModuloTest" time="0.001"/>
  <testcase name="single threaded decrement at 0 gives module - 1[Modulo: 79]" classname="serie2.ex1.CounterModuloTest" time="0.0"/>
  <testcase name="single threaded increment at module - 1 gives 0[Modulo: 79]" classname="serie2.ex1.CounterModuloTest" time="0.0"/>
  <testcase name="multi threaded decrement counter[Modulo: 79]" classname="serie2.ex1.CounterModuloTest" time="0.012"/>
  <testcase name="multi threaded increment counter[Modulo: 80]" classname="serie2.ex1.CounterModuloTest" time="0.013"/>
  <testcase name="single threaded increment and decrement counter[Modulo: 80]" classname="serie2.ex1.CounterModuloTest" time="0.0"/>
  <testcase name="single threaded decrement at 0 gives module - 1[Modulo: 80]" classname="serie2.ex1.CounterModuloTest" time="0.0"/>
  <testcase name="single threaded increment at module - 1 gives 0[Modulo: 80]" classname="serie2.ex1.CounterModuloTest" time="0.0"/>
  <testcase name="multi threaded decrement counter[Modulo: 80]" classname="serie2.ex1.CounterModuloTest" time="0.014"/>
  <testcase name="multi threaded increment counter[Modulo: 81]" classname="serie2.ex1.CounterModuloTest" time="0.012"/>
  <testcase name="single threaded increment and decrement counter[Modulo: 81]" classname="serie2.ex1.CounterModuloTest" time="0.001"/>
  <testcase name="single threaded decrement at 0 gives module - 1[Modulo: 81]" classname="serie2.ex1.CounterModuloTest" time="0.0"/>
  <testcase name="single threaded increment at module - 1 gives 0[Modulo: 81]" classname="serie2.ex1.CounterModuloTest" time="0.0"/>
  <testcase name="multi threaded decrement counter[Modulo: 81]" classname="serie2.ex1.CounterModuloTest" time="0.012"/>
  <testcase name="multi threaded increment counter[Modulo: 82]" classname="serie2.ex1.CounterModuloTest" time="0.012"/>
  <testcase name="single threaded increment and decrement counter[Modulo: 82]" classname="serie2.ex1.CounterModuloTest" time="0.0"/>
  <testcase name="single threaded decrement at 0 gives module - 1[Modulo: 82]" classname="serie2.ex1.CounterModuloTest" time="0.0"/>
  <testcase name="single threaded increment at module - 1 gives 0[Modulo: 82]" classname="serie2.ex1.CounterModuloTest" time="0.0"/>
  <testcase name="multi threaded decrement counter[Modulo: 82]" classname="serie2.ex1.CounterModuloTest" time="0.013"/>
  <testcase name="multi threaded increment counter[Modulo: 83]" classname="serie2.ex1.CounterModuloTest" time="0.01"/>
  <testcase name="single threaded increment and decrement counter[Modulo: 83]" classname="serie2.ex1.CounterModuloTest" time="0.0"/>
  <testcase name="single threaded decrement at 0 gives module - 1[Modulo: 83]" classname="serie2.ex1.CounterModuloTest" time="0.0"/>
  <testcase name="single threaded increment at module - 1 gives 0[Modulo: 83]" classname="serie2.ex1.CounterModuloTest" time="0.0"/>
  <testcase name="multi threaded decrement counter[Modulo: 83]" classname="serie2.ex1.CounterModuloTest" time="0.015"/>
  <testcase name="multi threaded increment counter[Modulo: 84]" classname="serie2.ex1.CounterModuloTest" time="0.018"/>
  <testcase name="single threaded increment and decrement counter[Modulo: 84]" classname="serie2.ex1.CounterModuloTest" time="0.001"/>
  <testcase name="single threaded decrement at 0 gives module - 1[Modulo: 84]" classname="serie2.ex1.CounterModuloTest" time="0.0"/>
  <testcase name="single threaded increment at module - 1 gives 0[Modulo: 84]" classname="serie2.ex1.CounterModuloTest" time="0.0"/>
  <testcase name="multi threaded decrement counter[Modulo: 84]" classname="serie2.ex1.CounterModuloTest" time="0.012"/>
  <testcase name="multi threaded increment counter[Modulo: 85]" classname="serie2.ex1.CounterModuloTest" time="0.013"/>
  <testcase name="single threaded increment and decrement counter[Modulo: 85]" classname="serie2.ex1.CounterModuloTest" time="0.0"/>
  <testcase name="single threaded decrement at 0 gives module - 1[Modulo: 85]" classname="serie2.ex1.CounterModuloTest" time="0.0"/>
  <testcase name="single threaded increment at module - 1 gives 0[Modulo: 85]" classname="serie2.ex1.CounterModuloTest" time="0.0"/>
  <testcase name="multi threaded decrement counter[Modulo: 85]" classname="serie2.ex1.CounterModuloTest" time="0.014"/>
  <testcase name="multi threaded increment counter[Modulo: 86]" classname="serie2.ex1.CounterModuloTest" time="0.015"/>
  <testcase name="single threaded increment and decrement counter[Modulo: 86]" classname="serie2.ex1.CounterModuloTest" time="0.0"/>
  <testcase name="single threaded decrement at 0 gives module - 1[Modulo: 86]" classname="serie2.ex1.CounterModuloTest" time="0.0"/>
  <testcase name="single threaded increment at module - 1 gives 0[Modulo: 86]" classname="serie2.ex1.CounterModuloTest" time="0.0"/>
  <testcase name="multi threaded decrement counter[Modulo: 86]" classname="serie2.ex1.CounterModuloTest" time="0.014"/>
  <testcase name="multi threaded increment counter[Modulo: 87]" classname="serie2.ex1.CounterModuloTest" time="0.015"/>
  <testcase name="single threaded increment and decrement counter[Modulo: 87]" classname="serie2.ex1.CounterModuloTest" time="0.0"/>
  <testcase name="single threaded decrement at 0 gives module - 1[Modulo: 87]" classname="serie2.ex1.CounterModuloTest" time="0.0"/>
  <testcase name="single threaded increment at module - 1 gives 0[Modulo: 87]" classname="serie2.ex1.CounterModuloTest" time="0.0"/>
  <testcase name="multi threaded decrement counter[Modulo: 87]" classname="serie2.ex1.CounterModuloTest" time="0.014"/>
  <testcase name="multi threaded increment counter[Modulo: 88]" classname="serie2.ex1.CounterModuloTest" time="0.016"/>
  <testcase name="single threaded increment and decrement counter[Modulo: 88]" classname="serie2.ex1.CounterModuloTest" time="0.0"/>
  <testcase name="single threaded decrement at 0 gives module - 1[Modulo: 88]" classname="serie2.ex1.CounterModuloTest" time="0.0"/>
  <testcase name="single threaded increment at module - 1 gives 0[Modulo: 88]" classname="serie2.ex1.CounterModuloTest" time="0.0"/>
  <testcase name="multi threaded decrement counter[Modulo: 88]" classname="serie2.ex1.CounterModuloTest" time="0.011"/>
  <testcase name="multi threaded increment counter[Modulo: 89]" classname="serie2.ex1.CounterModuloTest" time="0.012"/>
  <testcase name="single threaded increment and decrement counter[Modulo: 89]" classname="serie2.ex1.CounterModuloTest" time="0.001"/>
  <testcase name="single threaded decrement at 0 gives module - 1[Modulo: 89]" classname="serie2.ex1.CounterModuloTest" time="0.0"/>
  <testcase name="single threaded increment at module - 1 gives 0[Modulo: 89]" classname="serie2.ex1.CounterModuloTest" time="0.0"/>
  <testcase name="multi threaded decrement counter[Modulo: 89]" classname="serie2.ex1.CounterModuloTest" time="0.011"/>
  <testcase name="multi threaded increment counter[Modulo: 90]" classname="serie2.ex1.CounterModuloTest" time="0.013"/>
  <testcase name="single threaded increment and decrement counter[Modulo: 90]" classname="serie2.ex1.CounterModuloTest" time="0.001"/>
  <testcase name="single threaded decrement at 0 gives module - 1[Modulo: 90]" classname="serie2.ex1.CounterModuloTest" time="0.0"/>
  <testcase name="single threaded increment at module - 1 gives 0[Modulo: 90]" classname="serie2.ex1.CounterModuloTest" time="0.0"/>
  <testcase name="multi threaded decrement counter[Modulo: 90]" classname="serie2.ex1.CounterModuloTest" time="0.012"/>
  <testcase name="multi threaded increment counter[Modulo: 91]" classname="serie2.ex1.CounterModuloTest" time="0.014"/>
  <testcase name="single threaded increment and decrement counter[Modulo: 91]" classname="serie2.ex1.CounterModuloTest" time="0.0"/>
  <testcase name="single threaded decrement at 0 gives module - 1[Modulo: 91]" classname="serie2.ex1.CounterModuloTest" time="0.0"/>
  <testcase name="single threaded increment at module - 1 gives 0[Modulo: 91]" classname="serie2.ex1.CounterModuloTest" time="0.0"/>
  <testcase name="multi threaded decrement counter[Modulo: 91]" classname="serie2.ex1.CounterModuloTest" time="0.014"/>
  <testcase name="multi threaded increment counter[Modulo: 92]" classname="serie2.ex1.CounterModuloTest" time="0.014"/>
  <testcase name="single threaded increment and decrement counter[Modulo: 92]" classname="serie2.ex1.CounterModuloTest" time="0.0"/>
  <testcase name="single threaded decrement at 0 gives module - 1[Modulo: 92]" classname="serie2.ex1.CounterModuloTest" time="0.0"/>
  <testcase name="single threaded increment at module - 1 gives 0[Modulo: 92]" classname="serie2.ex1.CounterModuloTest" time="0.0"/>
  <testcase name="multi threaded decrement counter[Modulo: 92]" classname="serie2.ex1.CounterModuloTest" time="0.012"/>
  <testcase name="multi threaded increment counter[Modulo: 93]" classname="serie2.ex1.CounterModuloTest" time="0.015"/>
  <testcase name="single threaded increment and decrement counter[Modulo: 93]" classname="serie2.ex1.CounterModuloTest" time="0.0"/>
  <testcase name="single threaded decrement at 0 gives module - 1[Modulo: 93]" classname="serie2.ex1.CounterModuloTest" time="0.0"/>
  <testcase name="single threaded increment at module - 1 gives 0[Modulo: 93]" classname="serie2.ex1.CounterModuloTest" time="0.0"/>
  <testcase name="multi threaded decrement counter[Modulo: 93]" classname="serie2.ex1.CounterModuloTest" time="0.013"/>
  <testcase name="multi threaded increment counter[Modulo: 94]" classname="serie2.ex1.CounterModuloTest" time="0.013"/>
  <testcase name="single threaded increment and decrement counter[Modulo: 94]" classname="serie2.ex1.CounterModuloTest" time="0.0"/>
  <testcase name="single threaded decrement at 0 gives module - 1[Modulo: 94]" classname="serie2.ex1.CounterModuloTest" time="0.0"/>
  <testcase name="single threaded increment at module - 1 gives 0[Modulo: 94]" classname="serie2.ex1.CounterModuloTest" time="0.001"/>
  <testcase name="multi threaded decrement counter[Modulo: 94]" classname="serie2.ex1.CounterModuloTest" time="0.011"/>
  <testcase name="multi threaded increment counter[Modulo: 95]" classname="serie2.ex1.CounterModuloTest" time="0.013"/>
  <testcase name="single threaded increment and decrement counter[Modulo: 95]" classname="serie2.ex1.CounterModuloTest" time="0.001"/>
  <testcase name="single threaded decrement at 0 gives module - 1[Modulo: 95]" classname="serie2.ex1.CounterModuloTest" time="0.0"/>
  <testcase name="single threaded increment at module - 1 gives 0[Modulo: 95]" classname="serie2.ex1.CounterModuloTest" time="0.0"/>
  <testcase name="multi threaded decrement counter[Modulo: 95]" classname="serie2.ex1.CounterModuloTest" time="0.011"/>
  <testcase name="multi threaded increment counter[Modulo: 96]" classname="serie2.ex1.CounterModuloTest" time="0.014"/>
  <testcase name="single threaded increment and decrement counter[Modulo: 96]" classname="serie2.ex1.CounterModuloTest" time="0.001"/>
  <testcase name="single threaded decrement at 0 gives module - 1[Modulo: 96]" classname="serie2.ex1.CounterModuloTest" time="0.0"/>
  <testcase name="single threaded increment at module - 1 gives 0[Modulo: 96]" classname="serie2.ex1.CounterModuloTest" time="0.0"/>
  <testcase name="multi threaded decrement counter[Modulo: 96]" classname="serie2.ex1.CounterModuloTest" time="0.016"/>
  <testcase name="multi threaded increment counter[Modulo: 97]" classname="serie2.ex1.CounterModuloTest" time="0.017"/>
  <testcase name="single threaded increment and decrement counter[Modulo: 97]" classname="serie2.ex1.CounterModuloTest" time="0.001"/>
  <testcase name="single threaded decrement at 0 gives module - 1[Modulo: 97]" classname="serie2.ex1.CounterModuloTest" time="0.0"/>
  <testcase name="single threaded increment at module - 1 gives 0[Modulo: 97]" classname="serie2.ex1.CounterModuloTest" time="0.0"/>
  <testcase name="multi threaded decrement counter[Modulo: 97]" classname="serie2.ex1.CounterModuloTest" time="0.014"/>
  <testcase name="multi threaded increment counter[Modulo: 98]" classname="serie2.ex1.CounterModuloTest" time="0.012"/>
  <testcase name="single threaded increment and decrement counter[Modulo: 98]" classname="serie2.ex1.CounterModuloTest" time="0.001"/>
  <testcase name="single threaded decrement at 0 gives module - 1[Modulo: 98]" classname="serie2.ex1.CounterModuloTest" time="0.0"/>
  <testcase name="single threaded increment at module - 1 gives 0[Modulo: 98]" classname="serie2.ex1.CounterModuloTest" time="0.0"/>
  <testcase name="multi threaded decrement counter[Modulo: 98]" classname="serie2.ex1.CounterModuloTest" time="0.019"/>
  <testcase name="multi threaded increment counter[Modulo: 99]" classname="serie2.ex1.CounterModuloTest" time="0.013"/>
  <testcase name="single threaded increment and decrement counter[Modulo: 99]" classname="serie2.ex1.CounterModuloTest" time="0.001"/>
  <testcase name="single threaded decrement at 0 gives module - 1[Modulo: 99]" classname="serie2.ex1.CounterModuloTest" time="0.0"/>
  <testcase name="single threaded increment at module - 1 gives 0[Modulo: 99]" classname="serie2.ex1.CounterModuloTest" time="0.0"/>
  <testcase name="multi threaded decrement counter[Modulo: 99]" classname="serie2.ex1.CounterModuloTest" time="0.014"/>
  <testcase name="multi threaded increment counter[Modulo: 100]" classname="serie2.ex1.CounterModuloTest" time="0.014"/>
  <testcase name="single threaded increment and decrement counter[Modulo: 100]" classname="serie2.ex1.CounterModuloTest" time="0.001"/>
  <testcase name="single threaded decrement at 0 gives module - 1[Modulo: 100]" classname="serie2.ex1.CounterModuloTest" time="0.0"/>
  <testcase name="single threaded increment at module - 1 gives 0[Modulo: 100]" classname="serie2.ex1.CounterModuloTest" time="0.0"/>
  <testcase name="multi threaded decrement counter[Modulo: 100]" classname="serie2.ex1.CounterModuloTest" time="0.012"/>
  <testcase name="multi threaded increment counter[Modulo: 101]" classname="serie2.ex1.CounterModuloTest" time="0.015"/>
  <testcase name="single threaded increment and decrement counter[Modulo: 101]" classname="serie2.ex1.CounterModuloTest" time="0.001"/>
  <testcase name="single threaded decrement at 0 gives module - 1[Modulo: 101]" classname="serie2.ex1.CounterModuloTest" time="0.0"/>
  <testcase name="single threaded increment at module - 1 gives 0[Modulo: 101]" classname="serie2.ex1.CounterModuloTest" time="0.0"/>
  <testcase name="multi threaded decrement counter[Modulo: 101]" classname="serie2.ex1.CounterModuloTest" time="0.013"/>
  <testcase name="multi threaded increment counter[Modulo: 102]" classname="serie2.ex1.CounterModuloTest" time="0.013"/>
  <testcase name="single threaded increment and decrement counter[Modulo: 102]" classname="serie2.ex1.CounterModuloTest" time="0.001"/>
  <testcase name="single threaded decrement at 0 gives module - 1[Modulo: 102]" classname="serie2.ex1.CounterModuloTest" time="0.0"/>
  <testcase name="single threaded increment at module - 1 gives 0[Modulo: 102]" classname="serie2.ex1.CounterModuloTest" time="0.0"/>
  <testcase name="multi threaded decrement counter[Modulo: 102]" classname="serie2.ex1.CounterModuloTest" time="0.013"/>
  <testcase name="multi threaded increment counter[Modulo: 103]" classname="serie2.ex1.CounterModuloTest" time="0.016"/>
  <testcase name="single threaded increment and decrement counter[Modulo: 103]" classname="serie2.ex1.CounterModuloTest" time="0.0"/>
  <testcase name="single threaded decrement at 0 gives module - 1[Modulo: 103]" classname="serie2.ex1.CounterModuloTest" time="0.001"/>
  <testcase name="single threaded increment at module - 1 gives 0[Modulo: 103]" classname="serie2.ex1.CounterModuloTest" time="0.0"/>
  <testcase name="multi threaded decrement counter[Modulo: 103]" classname="serie2.ex1.CounterModuloTest" time="0.014"/>
  <testcase name="multi threaded increment counter[Modulo: 104]" classname="serie2.ex1.CounterModuloTest" time="0.017"/>
  <testcase name="single threaded increment and decrement counter[Modulo: 104]" classname="serie2.ex1.CounterModuloTest" time="0.0"/>
  <testcase name="single threaded decrement at 0 gives module - 1[Modulo: 104]" classname="serie2.ex1.CounterModuloTest" time="0.0"/>
  <testcase name="single threaded increment at module - 1 gives 0[Modulo: 104]" classname="serie2.ex1.CounterModuloTest" time="0.001"/>
  <testcase name="multi threaded decrement counter[Modulo: 104]" classname="serie2.ex1.CounterModuloTest" time="0.037"/>
  <testcase name="multi threaded increment counter[Modulo: 105]" classname="serie2.ex1.CounterModuloTest" time="0.015"/>
  <testcase name="single threaded increment and decrement counter[Modulo: 105]" classname="serie2.ex1.CounterModuloTest" time="0.0"/>
  <testcase name="single threaded decrement at 0 gives module - 1[Modulo: 105]" classname="serie2.ex1.CounterModuloTest" time="0.0"/>
  <testcase name="single threaded increment at module - 1 gives 0[Modulo: 105]" classname="serie2.ex1.CounterModuloTest" time="0.0"/>
  <testcase name="multi threaded decrement counter[Modulo: 105]" classname="serie2.ex1.CounterModuloTest" time="0.013"/>
  <testcase name="multi threaded increment counter[Modulo: 106]" classname="serie2.ex1.CounterModuloTest" time="0.022"/>
  <testcase name="single threaded increment and decrement counter[Modulo: 106]" classname="serie2.ex1.CounterModuloTest" time="0.001"/>
  <testcase name="single threaded decrement at 0 gives module - 1[Modulo: 106]" classname="serie2.ex1.CounterModuloTest" time="0.0"/>
  <testcase name="single threaded increment at module - 1 gives 0[Modulo: 106]" classname="serie2.ex1.CounterModuloTest" time="0.0"/>
  <testcase name="multi threaded decrement counter[Modulo: 106]" classname="serie2.ex1.CounterModuloTest" time="0.019"/>
  <testcase name="multi threaded increment counter[Modulo: 107]" classname="serie2.ex1.CounterModuloTest" time="0.016"/>
  <testcase name="single threaded increment and decrement counter[Modulo: 107]" classname="serie2.ex1.CounterModuloTest" time="0.0"/>
  <testcase name="single threaded decrement at 0 gives module - 1[Modulo: 107]" classname="serie2.ex1.CounterModuloTest" time="0.0"/>
  <testcase name="single threaded increment at module - 1 gives 0[Modulo: 107]" classname="serie2.ex1.CounterModuloTest" time="0.0"/>
  <testcase name="multi threaded decrement counter[Modulo: 107]" classname="serie2.ex1.CounterModuloTest" time="0.014"/>
  <testcase name="multi threaded increment counter[Modulo: 108]" classname="serie2.ex1.CounterModuloTest" time="0.011"/>
  <testcase name="single threaded increment and decrement counter[Modulo: 108]" classname="serie2.ex1.CounterModuloTest" time="0.0"/>
  <testcase name="single threaded decrement at 0 gives module - 1[Modulo: 108]" classname="serie2.ex1.CounterModuloTest" time="0.0"/>
  <testcase name="single threaded increment at module - 1 gives 0[Modulo: 108]" classname="serie2.ex1.CounterModuloTest" time="0.0"/>
  <testcase name="multi threaded decrement counter[Modulo: 108]" classname="serie2.ex1.CounterModuloTest" time="0.012"/>
  <testcase name="multi threaded increment counter[Modulo: 109]" classname="serie2.ex1.CounterModuloTest" time="0.014"/>
  <testcase name="single threaded increment and decrement counter[Modulo: 109]" classname="serie2.ex1.CounterModuloTest" time="0.0"/>
  <testcase name="single threaded decrement at 0 gives module - 1[Modulo: 109]" classname="serie2.ex1.CounterModuloTest" time="0.0"/>
  <testcase name="single threaded increment at module - 1 gives 0[Modulo: 109]" classname="serie2.ex1.CounterModuloTest" time="0.0"/>
  <testcase name="multi threaded decrement counter[Modulo: 109]" classname="serie2.ex1.CounterModuloTest" time="0.013"/>
  <testcase name="multi threaded increment counter[Modulo: 110]" classname="serie2.ex1.CounterModuloTest" time="0.015"/>
  <testcase name="single threaded increment and decrement counter[Modulo: 110]" classname="serie2.ex1.CounterModuloTest" time="0.001"/>
  <testcase name="single threaded decrement at 0 gives module - 1[Modulo: 110]" classname="serie2.ex1.CounterModuloTest" time="0.0"/>
  <testcase name="single threaded increment at module - 1 gives 0[Modulo: 110]" classname="serie2.ex1.CounterModuloTest" time="0.0"/>
  <testcase name="multi threaded decrement counter[Modulo: 110]" classname="serie2.ex1.CounterModuloTest" time="0.015"/>
  <testcase name="multi threaded increment counter[Modulo: 111]" classname="serie2.ex1.CounterModuloTest" time="0.014"/>
  <testcase name="single threaded increment and decrement counter[Modulo: 111]" classname="serie2.ex1.CounterModuloTest" time="0.001"/>
  <testcase name="single threaded decrement at 0 gives module - 1[Modulo: 111]" classname="serie2.ex1.CounterModuloTest" time="0.0"/>
  <testcase name="single threaded increment at module - 1 gives 0[Modulo: 111]" classname="serie2.ex1.CounterModuloTest" time="0.0"/>
  <testcase name="multi threaded decrement counter[Modulo: 111]" classname="serie2.ex1.CounterModuloTest" time="0.014"/>
  <testcase name="multi threaded increment counter[Modulo: 112]" classname="serie2.ex1.CounterModuloTest" time="0.015"/>
  <testcase name="single threaded increment and decrement counter[Modulo: 112]" classname="serie2.ex1.CounterModuloTest" time="0.001"/>
  <testcase name="single threaded decrement at 0 gives module - 1[Modulo: 112]" classname="serie2.ex1.CounterModuloTest" time="0.0"/>
  <testcase name="single threaded increment at module - 1 gives 0[Modulo: 112]" classname="serie2.ex1.CounterModuloTest" time="0.0"/>
  <testcase name="multi threaded decrement counter[Modulo: 112]" classname="serie2.ex1.CounterModuloTest" time="0.012"/>
  <testcase name="multi threaded increment counter[Modulo: 113]" classname="serie2.ex1.CounterModuloTest" time="0.014"/>
  <testcase name="single threaded increment and decrement counter[Modulo: 113]" classname="serie2.ex1.CounterModuloTest" time="0.001"/>
  <testcase name="single threaded decrement at 0 gives module - 1[Modulo: 113]" classname="serie2.ex1.CounterModuloTest" time="0.0"/>
  <testcase name="single threaded increment at module - 1 gives 0[Modulo: 113]" classname="serie2.ex1.CounterModuloTest" time="0.0"/>
  <testcase name="multi threaded decrement counter[Modulo: 113]" classname="serie2.ex1.CounterModuloTest" time="0.013"/>
  <testcase name="multi threaded increment counter[Modulo: 114]" classname="serie2.ex1.CounterModuloTest" time="0.013"/>
  <testcase name="single threaded increment and decrement counter[Modulo: 114]" classname="serie2.ex1.CounterModuloTest" time="0.001"/>
  <testcase name="single threaded decrement at 0 gives module - 1[Modulo: 114]" classname="serie2.ex1.CounterModuloTest" time="0.0"/>
  <testcase name="single threaded increment at module - 1 gives 0[Modulo: 114]" classname="serie2.ex1.CounterModuloTest" time="0.0"/>
  <testcase name="multi threaded decrement counter[Modulo: 114]" classname="serie2.ex1.CounterModuloTest" time="0.013"/>
  <testcase name="multi threaded increment counter[Modulo: 115]" classname="serie2.ex1.CounterModuloTest" time="0.014"/>
  <testcase name="single threaded increment and decrement counter[Modulo: 115]" classname="serie2.ex1.CounterModuloTest" time="0.0"/>
  <testcase name="single threaded decrement at 0 gives module - 1[Modulo: 115]" classname="serie2.ex1.CounterModuloTest" time="0.0"/>
  <testcase name="single threaded increment at module - 1 gives 0[Modulo: 115]" classname="serie2.ex1.CounterModuloTest" time="0.0"/>
  <testcase name="multi threaded decrement counter[Modulo: 115]" classname="serie2.ex1.CounterModuloTest" time="0.013"/>
  <testcase name="multi threaded increment counter[Modulo: 116]" classname="serie2.ex1.CounterModuloTest" time="0.013"/>
  <testcase name="single threaded increment and decrement counter[Modulo: 116]" classname="serie2.ex1.CounterModuloTest" time="0.001"/>
  <testcase name="single threaded decrement at 0 gives module - 1[Modulo: 116]" classname="serie2.ex1.CounterModuloTest" time="0.0"/>
  <testcase name="single threaded increment at module - 1 gives 0[Modulo: 116]" classname="serie2.ex1.CounterModuloTest" time="0.0"/>
  <testcase name="multi threaded decrement counter[Modulo: 116]" classname="serie2.ex1.CounterModuloTest" time="0.013"/>
  <testcase name="multi threaded increment counter[Modulo: 117]" classname="serie2.ex1.CounterModuloTest" time="0.013"/>
  <testcase name="single threaded increment and decrement counter[Modulo: 117]" classname="serie2.ex1.CounterModuloTest" time="0.0"/>
  <testcase name="single threaded decrement at 0 gives module - 1[Modulo: 117]" classname="serie2.ex1.CounterModuloTest" time="0.0"/>
  <testcase name="single threaded increment at module - 1 gives 0[Modulo: 117]" classname="serie2.ex1.CounterModuloTest" time="0.0"/>
  <testcase name="multi threaded decrement counter[Modulo: 117]" classname="serie2.ex1.CounterModuloTest" time="0.013"/>
  <testcase name="multi threaded increment counter[Modulo: 118]" classname="serie2.ex1.CounterModuloTest" time="0.013"/>
  <testcase name="single threaded increment and decrement counter[Modulo: 118]" classname="serie2.ex1.CounterModuloTest" time="0.0"/>
  <testcase name="single threaded decrement at 0 gives module - 1[Modulo: 118]" classname="serie2.ex1.CounterModuloTest" time="0.0"/>
  <testcase name="single threaded increment at module - 1 gives 0[Modulo: 118]" classname="serie2.ex1.CounterModuloTest" time="0.0"/>
  <testcase name="multi threaded decrement counter[Modulo: 118]" classname="serie2.ex1.CounterModuloTest" time="0.016"/>
  <testcase name="multi threaded increment counter[Modulo: 119]" classname="serie2.ex1.CounterModuloTest" time="0.016"/>
  <testcase name="single threaded increment and decrement counter[Modulo: 119]" classname="serie2.ex1.CounterModuloTest" time="0.0"/>
  <testcase name="single threaded decrement at 0 gives module - 1[Modulo: 119]" classname="serie2.ex1.CounterModuloTest" time="0.0"/>
  <testcase name="single threaded increment at module - 1 gives 0[Modulo: 119]" classname="serie2.ex1.CounterModuloTest" time="0.0"/>
  <testcase name="multi threaded decrement counter[Modulo: 119]" classname="serie2.ex1.CounterModuloTest" time="0.015"/>
  <testcase name="multi threaded increment counter[Modulo: 120]" classname="serie2.ex1.CounterModuloTest" time="0.013"/>
  <testcase name="single threaded increment and decrement counter[Modulo: 120]" classname="serie2.ex1.CounterModuloTest" time="0.0"/>
  <testcase name="single threaded decrement at 0 gives module - 1[Modulo: 120]" classname="serie2.ex1.CounterModuloTest" time="0.0"/>
  <testcase name="single threaded increment at module - 1 gives 0[Modulo: 120]" classname="serie2.ex1.CounterModuloTest" time="0.0"/>
  <testcase name="multi threaded decrement counter[Modulo: 120]" classname="serie2.ex1.CounterModuloTest" time="0.012"/>
  <testcase name="multi threaded increment counter[Modulo: 121]" classname="serie2.ex1.CounterModuloTest" time="0.016"/>
  <testcase name="single threaded increment and decrement counter[Modulo: 121]" classname="serie2.ex1.CounterModuloTest" time="0.001"/>
  <testcase name="single threaded decrement at 0 gives module - 1[Modulo: 121]" classname="serie2.ex1.CounterModuloTest" time="0.0"/>
  <testcase name="single threaded increment at module - 1 gives 0[Modulo: 121]" classname="serie2.ex1.CounterModuloTest" time="0.0"/>
  <testcase name="multi threaded decrement counter[Modulo: 121]" classname="serie2.ex1.CounterModuloTest" time="0.013"/>
  <testcase name="multi threaded increment counter[Modulo: 122]" classname="serie2.ex1.CounterModuloTest" time="0.012"/>
  <testcase name="single threaded increment and decrement counter[Modulo: 122]" classname="serie2.ex1.CounterModuloTest" time="0.0"/>
  <testcase name="single threaded decrement at 0 gives module - 1[Modulo: 122]" classname="serie2.ex1.CounterModuloTest" time="0.0"/>
  <testcase name="single threaded increment at module - 1 gives 0[Modulo: 122]" classname="serie2.ex1.CounterModuloTest" time="0.0"/>
  <testcase name="multi threaded decrement counter[Modulo: 122]" classname="serie2.ex1.CounterModuloTest" time="0.011"/>
  <testcase name="multi threaded increment counter[Modulo: 123]" classname="serie2.ex1.CounterModuloTest" time="0.015"/>
  <testcase name="single threaded increment and decrement counter[Modulo: 123]" classname="serie2.ex1.CounterModuloTest" time="0.0"/>
  <testcase name="single threaded decrement at 0 gives module - 1[Modulo: 123]" classname="serie2.ex1.CounterModuloTest" time="0.0"/>
  <testcase name="single threaded increment at module - 1 gives 0[Modulo: 123]" classname="serie2.ex1.CounterModuloTest" time="0.0"/>
  <testcase name="multi threaded decrement counter[Modulo: 123]" classname="serie2.ex1.CounterModuloTest" time="0.013"/>
  <testcase name="multi threaded increment counter[Modulo: 124]" classname="serie2.ex1.CounterModuloTest" time="0.013"/>
  <testcase name="single threaded increment and decrement counter[Modulo: 124]" classname="serie2.ex1.CounterModuloTest" time="0.0"/>
  <testcase name="single threaded decrement at 0 gives module - 1[Modulo: 124]" classname="serie2.ex1.CounterModuloTest" time="0.0"/>
  <testcase name="single threaded increment at module - 1 gives 0[Modulo: 124]" classname="serie2.ex1.CounterModuloTest" time="0.0"/>
  <testcase name="multi threaded decrement counter[Modulo: 124]" classname="serie2.ex1.CounterModuloTest" time="0.013"/>
  <testcase name="multi threaded increment counter[Modulo: 125]" classname="serie2.ex1.CounterModuloTest" time="0.012"/>
  <testcase name="single threaded increment and decrement counter[Modulo: 125]" classname="serie2.ex1.CounterModuloTest" time="0.001"/>
[...]
  <testcase name="single threaded increment and decrement counter[Modulo: 970]" classname="serie2.ex1.CounterModuloTest" time="0.001"/>
  <testcase name="single threaded decrement at 0 gives module - 1[Modulo: 970]" classname="serie2.ex1.CounterModuloTest" time="0.0"/>
  <testcase name="single threaded increment at module - 1 gives 0[Modulo: 970]" classname="serie2.ex1.CounterModuloTest" time="0.0"/>
  <testcase name="multi threaded decrement counter[Modulo: 970]" classname="serie2.ex1.CounterModuloTest" time="0.012"/>
  <testcase name="multi threaded increment counter[Modulo: 971]" classname="serie2.ex1.CounterModuloTest" time="0.012"/>
  <testcase name="single threaded increment and decrement counter[Modulo: 971]" classname="serie2.ex1.CounterModuloTest" time="0.001"/>
  <testcase name="single threaded decrement at 0 gives module - 1[Modulo: 971]" classname="serie2.ex1.CounterModuloTest" time="0.0"/>
  <testcase name="single threaded increment at module - 1 gives 0[Modulo: 971]" classname="serie2.ex1.CounterModuloTest" time="0.0"/>
  <testcase name="multi threaded decrement counter[Modulo: 971]" classname="serie2.ex1.CounterModuloTest" time="0.013"/>
  <testcase name="multi threaded increment counter[Modulo: 972]" classname="serie2.ex1.CounterModuloTest" time="0.013"/>
  <testcase name="single threaded increment and decrement counter[Modulo: 972]" classname="serie2.ex1.CounterModuloTest" time="0.001"/>
  <testcase name="single threaded decrement at 0 gives module - 1[Modulo: 972]" classname="serie2.ex1.CounterModuloTest" time="0.0"/>
  <testcase name="single threaded increment at module - 1 gives 0[Modulo: 972]" classname="serie2.ex1.CounterModuloTest" time="0.0"/>
  <testcase name="multi threaded decrement counter[Modulo: 972]" classname="serie2.ex1.CounterModuloTest" time="0.013"/>
  <testcase name="multi threaded increment counter[Modulo: 973]" classname="serie2.ex1.CounterModuloTest" time="0.011"/>
  <testcase name="single threaded increment and decrement counter[Modulo: 973]" classname="serie2.ex1.CounterModuloTest" time="0.001"/>
  <testcase name="single threaded decrement at 0 gives module - 1[Modulo: 973]" classname="serie2.ex1.CounterModuloTest" time="0.0"/>
  <testcase name="single threaded increment at module - 1 gives 0[Modulo: 973]" classname="serie2.ex1.CounterModuloTest" time="0.0"/>
  <testcase name="multi threaded decrement counter[Modulo: 973]" classname="serie2.ex1.CounterModuloTest" time="0.013"/>
  <testcase name="multi threaded increment counter[Modulo: 974]" classname="serie2.ex1.CounterModuloTest" time="0.012"/>
  <testcase name="single threaded increment and decrement counter[Modulo: 974]" classname="serie2.ex1.CounterModuloTest" time="0.0"/>
  <testcase name="single threaded decrement at 0 gives module - 1[Modulo: 974]" classname="serie2.ex1.CounterModuloTest" time="0.0"/>
  <testcase name="single threaded increment at module - 1 gives 0[Modulo: 974]" classname="serie2.ex1.CounterModuloTest" time="0.0"/>
  <testcase name="multi threaded decrement counter[Modulo: 974]" classname="serie2.ex1.CounterModuloTest" time="0.012"/>
  <testcase name="multi threaded increment counter[Modulo: 975]" classname="serie2.ex1.CounterModuloTest" time="0.012"/>
  <testcase name="single threaded increment and decrement counter[Modulo: 975]" classname="serie2.ex1.CounterModuloTest" time="0.0"/>
  <testcase name="single threaded decrement at 0 gives module - 1[Modulo: 975]" classname="serie2.ex1.CounterModuloTest" time="0.0"/>
  <testcase name="single threaded increment at module - 1 gives 0[Modulo: 975]" classname="serie2.ex1.CounterModuloTest" time="0.0"/>
  <testcase name="multi threaded decrement counter[Modulo: 975]" classname="serie2.ex1.CounterModuloTest" time="0.012"/>
  <testcase name="multi threaded increment counter[Modulo: 976]" classname="serie2.ex1.CounterModuloTest" time="0.013"/>
  <testcase name="single threaded increment and decrement counter[Modulo: 976]" classname="serie2.ex1.CounterModuloTest" time="0.0"/>
  <testcase name="single threaded decrement at 0 gives module - 1[Modulo: 976]" classname="serie2.ex1.CounterModuloTest" time="0.0"/>
  <testcase name="single threaded increment at module - 1 gives 0[Modulo: 976]" classname="serie2.ex1.CounterModuloTest" time="0.0"/>
  <testcase name="multi threaded decrement counter[Modulo: 976]" classname="serie2.ex1.CounterModuloTest" time="0.012"/>
  <testcase name="multi threaded increment counter[Modulo: 977]" classname="serie2.ex1.CounterModuloTest" time="0.012"/>
  <testcase name="single threaded increment and decrement counter[Modulo: 977]" classname="serie2.ex1.CounterModuloTest" time="0.0"/>
  <testcase name="single threaded decrement at 0 gives module - 1[Modulo: 977]" classname="serie2.ex1.CounterModuloTest" time="0.0"/>
  <testcase name="single threaded increment at module - 1 gives 0[Modulo: 977]" classname="serie2.ex1.CounterModuloTest" time="0.0"/>
  <testcase name="multi threaded decrement counter[Modulo: 977]" classname="serie2.ex1.CounterModuloTest" time="0.012"/>
  <testcase name="multi threaded increment counter[Modulo: 978]" classname="serie2.ex1.CounterModuloTest" time="0.013"/>
  <testcase name="single threaded increment and decrement counter[Modulo: 978]" classname="serie2.ex1.CounterModuloTest" time="0.0"/>
  <testcase name="single threaded decrement at 0 gives module - 1[Modulo: 978]" classname="serie2.ex1.CounterModuloTest" time="0.0"/>
  <testcase name="single threaded increment at module - 1 gives 0[Modulo: 978]" classname="serie2.ex1.CounterModuloTest" time="0.0"/>
  <testcase name="multi threaded decrement counter[Modulo: 978]" classname="serie2.ex1.CounterModuloTest" time="0.012"/>
  <testcase name="multi threaded increment counter[Modulo: 979]" classname="serie2.ex1.CounterModuloTest" time="0.012"/>
  <testcase name="single threaded increment and decrement counter[Modulo: 979]" classname="serie2.ex1.CounterModuloTest" time="0.0"/>
  <testcase name="single threaded decrement at 0 gives module - 1[Modulo: 979]" classname="serie2.ex1.CounterModuloTest" time="0.0"/>
  <testcase name="single threaded increment at module - 1 gives 0[Modulo: 979]" classname="serie2.ex1.CounterModuloTest" time="0.0"/>
  <testcase name="multi threaded decrement counter[Modulo: 979]" classname="serie2.ex1.CounterModuloTest" time="0.012"/>
  <testcase name="multi threaded increment counter[Modulo: 980]" classname="serie2.ex1.CounterModuloTest" time="0.012"/>
  <testcase name="single threaded increment and decrement counter[Modulo: 980]" classname="serie2.ex1.CounterModuloTest" time="0.001"/>
  <testcase name="single threaded decrement at 0 gives module - 1[Modulo: 980]" classname="serie2.ex1.CounterModuloTest" time="0.0"/>
  <testcase name="single threaded increment at module - 1 gives 0[Modulo: 980]" classname="serie2.ex1.CounterModuloTest" time="0.0"/>
  <testcase name="multi threaded decrement counter[Modulo: 980]" classname="serie2.ex1.CounterModuloTest" time="0.012"/>
  <testcase name="multi threaded increment counter[Modulo: 981]" classname="serie2.ex1.CounterModuloTest" time="0.012"/>
  <testcase name="single threaded increment and decrement counter[Modulo: 981]" classname="serie2.ex1.CounterModuloTest" time="0.001"/>
  <testcase name="single threaded decrement at 0 gives module - 1[Modulo: 981]" classname="serie2.ex1.CounterModuloTest" time="0.0"/>
  <testcase name="single threaded increment at module - 1 gives 0[Modulo: 981]" classname="serie2.ex1.CounterModuloTest" time="0.0"/>
  <testcase name="multi threaded decrement counter[Modulo: 981]" classname="serie2.ex1.CounterModuloTest" time="0.012"/>
  <testcase name="multi threaded increment counter[Modulo: 982]" classname="serie2.ex1.CounterModuloTest" time="0.012"/>
  <testcase name="single threaded increment and decrement counter[Modulo: 982]" classname="serie2.ex1.CounterModuloTest" time="0.001"/>
  <testcase name="single threaded decrement at 0 gives module - 1[Modulo: 982]" classname="serie2.ex1.CounterModuloTest" time="0.0"/>
  <testcase name="single threaded increment at module - 1 gives 0[Modulo: 982]" classname="serie2.ex1.CounterModuloTest" time="0.0"/>
  <testcase name="multi threaded decrement counter[Modulo: 982]" classname="serie2.ex1.CounterModuloTest" time="0.011"/>
  <testcase name="multi threaded increment counter[Modulo: 983]" classname="serie2.ex1.CounterModuloTest" time="0.012"/>
  <testcase name="single threaded increment and decrement counter[Modulo: 983]" classname="serie2.ex1.CounterModuloTest" time="0.001"/>
  <testcase name="single threaded decrement at 0 gives module - 1[Modulo: 983]" classname="serie2.ex1.CounterModuloTest" time="0.0"/>
  <testcase name="single threaded increment at module - 1 gives 0[Modulo: 983]" classname="serie2.ex1.CounterModuloTest" time="0.0"/>
  <testcase name="multi threaded decrement counter[Modulo: 983]" classname="serie2.ex1.CounterModuloTest" time="0.01"/>
  <testcase name="multi threaded increment counter[Modulo: 984]" classname="serie2.ex1.CounterModuloTest" time="0.011"/>
  <testcase name="single threaded increment and decrement counter[Modulo: 984]" classname="serie2.ex1.CounterModuloTest" time="0.0"/>
  <testcase name="single threaded decrement at 0 gives module - 1[Modulo: 984]" classname="serie2.ex1.CounterModuloTest" time="0.0"/>
  <testcase name="single threaded increment at module - 1 gives 0[Modulo: 984]" classname="serie2.ex1.CounterModuloTest" time="0.0"/>
  <testcase name="multi threaded decrement counter[Modulo: 984]" classname="serie2.ex1.CounterModuloTest" time="0.011"/>
  <testcase name="multi threaded increment counter[Modulo: 985]" classname="serie2.ex1.CounterModuloTest" time="0.011"/>
  <testcase name="single threaded increment and decrement counter[Modulo: 985]" classname="serie2.ex1.CounterModuloTest" time="0.0"/>
  <testcase name="single threaded decrement at 0 gives module - 1[Modulo: 985]" classname="serie2.ex1.CounterModuloTest" time="0.0"/>
  <testcase name="single threaded increment at module - 1 gives 0[Modulo: 985]" classname="serie2.ex1.CounterModuloTest" time="0.0"/>
  <testcase name="multi threaded decrement counter[Modulo: 985]" classname="serie2.ex1.CounterModuloTest" time="0.013"/>
  <testcase name="multi threaded increment counter[Modulo: 986]" classname="serie2.ex1.CounterModuloTest" time="0.012"/>
  <testcase name="single threaded increment and decrement counter[Modulo: 986]" classname="serie2.ex1.CounterModuloTest" time="0.0"/>
  <testcase name="single threaded decrement at 0 gives module - 1[Modulo: 986]" classname="serie2.ex1.CounterModuloTest" time="0.0"/>
  <testcase name="single threaded increment at module - 1 gives 0[Modulo: 986]" classname="serie2.ex1.CounterModuloTest" time="0.0"/>
  <testcase name="multi threaded decrement counter[Modulo: 986]" classname="serie2.ex1.CounterModuloTest" time="0.012"/>
  <testcase name="multi threaded increment counter[Modulo: 987]" classname="serie2.ex1.CounterModuloTest" time="0.011"/>
  <testcase name="single threaded increment and decrement counter[Modulo: 987]" classname="serie2.ex1.CounterModuloTest" time="0.001"/>
  <testcase name="single threaded decrement at 0 gives module - 1[Modulo: 987]" classname="serie2.ex1.CounterModuloTest" time="0.0"/>
  <testcase name="single threaded increment at module - 1 gives 0[Modulo: 987]" classname="serie2.ex1.CounterModuloTest" time="0.0"/>
  <testcase name="multi threaded decrement counter[Modulo: 987]" classname="serie2.ex1.CounterModuloTest" time="0.012"/>
  <testcase name="multi threaded increment counter[Modulo: 988]" classname="serie2.ex1.CounterModuloTest" time="0.012"/>
  <testcase name="single threaded increment and decrement counter[Modulo: 988]" classname="serie2.ex1.CounterModuloTest" time="0.0"/>
  <testcase name="single threaded decrement at 0 gives module - 1[Modulo: 988]" classname="serie2.ex1.CounterModuloTest" time="0.0"/>
  <testcase name="single threaded increment at module - 1 gives 0[Modulo: 988]" classname="serie2.ex1.CounterModuloTest" time="0.0"/>
  <testcase name="multi threaded decrement counter[Modulo: 988]" classname="serie2.ex1.CounterModuloTest" time="0.012"/>
  <testcase name="multi threaded increment counter[Modulo: 989]" classname="serie2.ex1.CounterModuloTest" time="0.013"/>
  <testcase name="single threaded increment and decrement counter[Modulo: 989]" classname="serie2.ex1.CounterModuloTest" time="0.001"/>
  <testcase name="single threaded decrement at 0 gives module - 1[Modulo: 989]" classname="serie2.ex1.CounterModuloTest" time="0.0"/>
  <testcase name="single threaded increment at module - 1 gives 0[Modulo: 989]" classname="serie2.ex1.CounterModuloTest" time="0.0"/>
  <testcase name="multi threaded decrement counter[Modulo: 989]" classname="serie2.ex1.CounterModuloTest" time="0.013"/>
  <testcase name="multi threaded increment counter[Modulo: 990]" classname="serie2.ex1.CounterModuloTest" time="0.012"/>
  <testcase name="single threaded increment and decrement counter[Modulo: 990]" classname="serie2.ex1.CounterModuloTest" time="0.001"/>
  <testcase name="single threaded decrement at 0 gives module - 1[Modulo: 990]" classname="serie2.ex1.CounterModuloTest" time="0.0"/>
  <testcase name="single threaded increment at module - 1 gives 0[Modulo: 990]" classname="serie2.ex1.CounterModuloTest" time="0.0"/>
  <testcase name="multi threaded decrement counter[Modulo: 990]" classname="serie2.ex1.CounterModuloTest" time="0.013"/>
  <testcase name="multi threaded increment counter[Modulo: 991]" classname="serie2.ex1.CounterModuloTest" time="0.012"/>
  <testcase name="single threaded increment and decrement counter[Modulo: 991]" classname="serie2.ex1.CounterModuloTest" time="0.0"/>
  <testcase name="single threaded decrement at 0 gives module - 1[Modulo: 991]" classname="serie2.ex1.CounterModuloTest" time="0.001"/>
  <testcase name="single threaded increment at module - 1 gives 0[Modulo: 991]" classname="serie2.ex1.CounterModuloTest" time="0.0"/>
  <testcase name="multi threaded decrement counter[Modulo: 991]" classname="serie2.ex1.CounterModuloTest" time="0.01"/>
  <testcase name="multi threaded increment counter[Modulo: 992]" classname="serie2.ex1.CounterModuloTest" time="0.013"/>
  <testcase name="single threaded increment and decrement counter[Modulo: 992]" classname="serie2.ex1.CounterModuloTest" time="0.001"/>
  <testcase name="single threaded decrement at 0 gives module - 1[Modulo: 992]" classname="serie2.ex1.CounterModuloTest" time="0.0"/>
  <testcase name="single threaded increment at module - 1 gives 0[Modulo: 992]" classname="serie2.ex1.CounterModuloTest" time="0.0"/>
  <testcase name="multi threaded decrement counter[Modulo: 992]" classname="serie2.ex1.CounterModuloTest" time="0.012"/>
  <testcase name="multi threaded increment counter[Modulo: 993]" classname="serie2.ex1.CounterModuloTest" time="0.012"/>
  <testcase name="single threaded increment and decrement counter[Modulo: 993]" classname="serie2.ex1.CounterModuloTest" time="0.0"/>
  <testcase name="single threaded decrement at 0 gives module - 1[Modulo: 993]" classname="serie2.ex1.CounterModuloTest" time="0.0"/>
  <testcase name="single threaded increment at module - 1 gives 0[Modulo: 993]" classname="serie2.ex1.CounterModuloTest" time="0.0"/>
  <testcase name="multi threaded decrement counter[Modulo: 993]" classname="serie2.ex1.CounterModuloTest" time="0.011"/>
  <testcase name="multi threaded increment counter[Modulo: 994]" classname="serie2.ex1.CounterModuloTest" time="0.011"/>
  <testcase name="single threaded increment and decrement counter[Modulo: 994]" classname="serie2.ex1.CounterModuloTest" time="0.001"/>
  <testcase name="single threaded decrement at 0 gives module - 1[Modulo: 994]" classname="serie2.ex1.CounterModuloTest" time="0.0"/>
  <testcase name="single threaded increment at module - 1 gives 0[Modulo: 994]" classname="serie2.ex1.CounterModuloTest" time="0.0"/>
  <testcase name="multi threaded decrement counter[Modulo: 994]" classname="serie2.ex1.CounterModuloTest" time="0.012"/>
  <testcase name="multi threaded increment counter[Modulo: 995]" classname="serie2.ex1.CounterModuloTest" time="0.011"/>
  <testcase name="single threaded increment and decrement counter[Modulo: 995]" classname="serie2.ex1.CounterModuloTest" time="0.0"/>
  <testcase name="single threaded decrement at 0 gives module - 1[Modulo: 995]" classname="serie2.ex1.CounterModuloTest" time="0.0"/>
  <testcase name="single threaded increment at module - 1 gives 0[Modulo: 995]" classname="serie2.ex1.CounterModuloTest" time="0.0"/>
  <testcase name="multi threaded decrement counter[Modulo: 995]" classname="serie2.ex1.CounterModuloTest" time="0.012"/>
  <testcase name="multi threaded increment counter[Modulo: 996]" classname="serie2.ex1.CounterModuloTest" time="0.012"/>
  <testcase name="single threaded increment and decrement counter[Modulo: 996]" classname="serie2.ex1.CounterModuloTest" time="0.0"/>
  <testcase name="single threaded decrement at 0 gives module - 1[Modulo: 996]" classname="serie2.ex1.CounterModuloTest" time="0.0"/>
  <testcase name="single threaded increment at module - 1 gives 0[Modulo: 996]" classname="serie2.ex1.CounterModuloTest" time="0.0"/>
  <testcase name="multi threaded decrement counter[Modulo: 996]" classname="serie2.ex1.CounterModuloTest" time="0.012"/>
  <testcase name="multi threaded increment counter[Modulo: 997]" classname="serie2.ex1.CounterModuloTest" time="0.01"/>
  <testcase name="single threaded increment and decrement counter[Modulo: 997]" classname="serie2.ex1.CounterModuloTest" time="0.001"/>
  <testcase name="single threaded decrement at 0 gives module - 1[Modulo: 997]" classname="serie2.ex1.CounterModuloTest" time="0.0"/>
  <testcase name="single threaded increment at module - 1 gives 0[Modulo: 997]" classname="serie2.ex1.CounterModuloTest" time="0.0"/>
  <testcase name="multi threaded decrement counter[Modulo: 997]" classname="serie2.ex1.CounterModuloTest" time="0.012"/>
  <testcase name="multi threaded increment counter[Modulo: 998]" classname="serie2.ex1.CounterModuloTest" time="0.013"/>
  <testcase name="single threaded increment and decrement counter[Modulo: 998]" classname="serie2.ex1.CounterModuloTest" time="0.0"/>
  <testcase name="single threaded decrement at 0 gives module - 1[Modulo: 998]" classname="serie2.ex1.CounterModuloTest" time="0.0"/>
  <testcase name="single threaded increment at module - 1 gives 0[Modulo: 998]" classname="serie2.ex1.CounterModuloTest" time="0.0"/>
  <testcase name="multi threaded decrement counter[Modulo: 998]" classname="serie2.ex1.CounterModuloTest" time="0.012"/>
  <testcase name="multi threaded increment counter[Modulo: 999]" classname="serie2.ex1.CounterModuloTest" time="0.013"/>
  <testcase name="single threaded increment and decrement counter[Modulo: 999]" classname="serie2.ex1.CounterModuloTest" time="0.0"/>
  <testcase name="single threaded decrement at 0 gives module - 1[Modulo: 999]" classname="serie2.ex1.CounterModuloTest" time="0.0"/>
  <testcase name="single threaded increment at module - 1 gives 0[Modulo: 999]" classname="serie2.ex1.CounterModuloTest" time="0.0"/>
  <testcase name="multi threaded decrement counter[Modulo: 999]" classname="serie2.ex1.CounterModuloTest" time="0.012"/>
  <testcase name="multi threaded increment counter[Modulo: 1,000]" classname="serie2.ex1.CounterModuloTest" time="0.013"/>
  <testcase name="single threaded increment and decrement counter[Modulo: 1,000]" classname="serie2.ex1.CounterModuloTest" time="0.0"/>
  <testcase name="single threaded decrement at 0 gives module - 1[Modulo: 1,000]" classname="serie2.ex1.CounterModuloTest" time="0.0"/>
  <testcase name="single threaded increment at module - 1 gives 0[Modulo: 1,000]" classname="serie2.ex1.CounterModuloTest" time="0.0"/>
  <testcase name="multi threaded decrement counter[Modulo: 1,000]" classname="serie2.ex1.CounterModuloTest" time="0.01"/>
  <system-out><![CDATA[]]></system-out>
  <system-err><![CDATA[]]></system-err>
</testsuite>
